ERROR - 2023-07-31 04:32:37 --> Error connecting to the database: mysqli_sql_exception: Access denied for user ''@'localhost' (using password: NO) in C:\Users\riyan\Documents\My\ci4\tasdiqskripsi\system\Database\MySQLi\Connection.php:174
Stack trace:
#0 C:\Users\riyan\Documents\My\ci4\tasdiqskripsi\system\Database\MySQLi\Connection.php(174): mysqli->real_connect('localhost', '', '', '', 3306, '', 0)
#1 C:\Users\riyan\Documents\My\ci4\tasdiqskripsi\system\Database\BaseConnection.php(391): CodeIgniter\Database\MySQLi\Connection->connect(false)
#2 C:\Users\riyan\Documents\My\ci4\tasdiqskripsi\system\Database\BaseConnection.php(574): CodeIgniter\Database\BaseConnection->initialize()
#3 C:\Users\riyan\Documents\My\ci4\tasdiqskripsi\system\Database\BaseBuilder.php(1616): CodeIgniter\Database\BaseConnection->query('SELECT *\nFROM `...', Array, false)
#4 C:\Users\riyan\Documents\My\ci4\tasdiqskripsi\app\Models\AngkatanModel.php(38): CodeIgniter\Database\BaseBuilder->get()
#5 C:\Users\riyan\Documents\My\ci4\tasdiqskripsi\app\Controllers\BaseController.php(100): App\Models\AngkatanModel->isActive()
#6 C:\Users\riyan\Documents\My\ci4\tasdiqskripsi\system\CodeIgniter.php(907): App\Controllers\BaseController->initController(Object(CodeIgniter\HTTP\IncomingRequest), Object(CodeIgniter\HTTP\Response), Object(CodeIgniter\Log\Logger))
#7 C:\Users\riyan\Documents\My\ci4\tasdiqskripsi\system\CodeIgniter.php(490): CodeIgniter\CodeIgniter->createController()
#8 C:\Users\riyan\Documents\My\ci4\tasdiqskripsi\system\CodeIgniter.php(368): CodeIgniter\CodeIgniter->handleRequest(NULL, Object(Config\Cache), false)
#9 C:\Users\riyan\Documents\My\ci4\tasdiqskripsi\public\index.php(68): CodeIgniter\CodeIgniter->run()
#10 C:\Users\riyan\Documents\My\ci4\tasdiqskripsi\system\Commands\Server\rewrite.php(47): require_once('C:\\Users\\riyan\\...')
#11 {main}

Next CodeIgniter\Database\Exceptions\DatabaseException: Access denied for user ''@'localhost' (using password: NO) in C:\Users\riyan\Documents\My\ci4\tasdiqskripsi\system\Database\MySQLi\Connection.php:218
Stack trace:
#0 C:\Users\riyan\Documents\My\ci4\tasdiqskripsi\system\Database\BaseConnection.php(391): CodeIgniter\Database\MySQLi\Connection->connect(false)
#1 C:\Users\riyan\Documents\My\ci4\tasdiqskripsi\system\Database\BaseConnection.php(574): CodeIgniter\Database\BaseConnection->initialize()
#2 C:\Users\riyan\Documents\My\ci4\tasdiqskripsi\system\Database\BaseBuilder.php(1616): CodeIgniter\Database\BaseConnection->query('SELECT *\nFROM `...', Array, false)
#3 C:\Users\riyan\Documents\My\ci4\tasdiqskripsi\app\Models\AngkatanModel.php(38): CodeIgniter\Database\BaseBuilder->get()
#4 C:\Users\riyan\Documents\My\ci4\tasdiqskripsi\app\Controllers\BaseController.php(100): App\Models\AngkatanModel->isActive()
#5 C:\Users\riyan\Documents\My\ci4\tasdiqskripsi\system\CodeIgniter.php(907): App\Controllers\BaseController->initController(Object(CodeIgniter\HTTP\IncomingRequest), Object(CodeIgniter\HTTP\Response), Object(CodeIgniter\Log\Logger))
#6 C:\Users\riyan\Documents\My\ci4\tasdiqskripsi\system\CodeIgniter.php(490): CodeIgniter\CodeIgniter->createController()
#7 C:\Users\riyan\Documents\My\ci4\tasdiqskripsi\system\CodeIgniter.php(368): CodeIgniter\CodeIgniter->handleRequest(NULL, Object(Config\Cache), false)
#8 C:\Users\riyan\Documents\My\ci4\tasdiqskripsi\public\index.php(68): CodeIgniter\CodeIgniter->run()
#9 C:\Users\riyan\Documents\My\ci4\tasdiqskripsi\system\Commands\Server\rewrite.php(47): require_once('C:\\Users\\riyan\\...')
#10 {main}
CRITICAL - 2023-07-31 04:32:37 --> Unable to connect to the database.
Main connection [MySQLi]: Access denied for user ''@'localhost' (using password: NO)
in SYSTEMPATH\Database\BaseConnection.php on line 427.
 1 SYSTEMPATH\Database\BaseConnection.php(574): CodeIgniter\Database\BaseConnection->initialize()
 2 SYSTEMPATH\Database\BaseBuilder.php(1616): CodeIgniter\Database\BaseConnection->query('SELECT *
FROM `tbl_angkatan`
WHERE `status` = :status:
AND `isDelete` IS NULL
ORDER BY `tahun` DESC
 LIMIT 1', [...], false)
 3 APPPATH\Models\AngkatanModel.php(38): CodeIgniter\Database\BaseBuilder->get()
 4 APPPATH\Controllers\BaseController.php(100): App\Models\AngkatanModel->isActive()
 5 SYSTEMPATH\CodeIgniter.php(907): App\Controllers\BaseController->initController(Object(CodeIgniter\HTTP\IncomingRequest), Object(CodeIgniter\HTTP\Response), Object(CodeIgniter\Log\Logger))
 6 SYSTEMPATH\CodeIgniter.php(490): CodeIgniter\CodeIgniter->createController()
 7 SYSTEMPATH\CodeIgniter.php(368): CodeIgniter\CodeIgniter->handleRequest(null, Object(Config\Cache), false)
 8 FCPATH\index.php(68): CodeIgniter\CodeIgniter->run()
 9 SYSTEMPATH\Commands\Server\rewrite.php(47): require_once('C:\\Users\\riyan\\Documents\\My\\ci4\\tasdiqskripsi\\public\\index.php')
INFO - 2023-07-31 04:33:19 --> Session: Class initialized using 'CodeIgniter\Session\Handlers\FileHandler' driver.
ERROR - 2023-07-31 04:33:19 --> mysqli_sql_exception: Table 'tasdiqskripsi.tbl_angkatan' doesn't exist in engine in C:\Users\riyan\Documents\My\ci4\tasdiqskripsi\system\Database\MySQLi\Connection.php:295
Stack trace:
#0 C:\Users\riyan\Documents\My\ci4\tasdiqskripsi\system\Database\MySQLi\Connection.php(295): mysqli->query('SELECT *\nFROM `...', 0)
#1 C:\Users\riyan\Documents\My\ci4\tasdiqskripsi\system\Database\BaseConnection.php(692): CodeIgniter\Database\MySQLi\Connection->execute('SELECT *\nFROM `...')
#2 C:\Users\riyan\Documents\My\ci4\tasdiqskripsi\system\Database\BaseConnection.php(606): CodeIgniter\Database\BaseConnection->simpleQuery('SELECT *\nFROM `...')
#3 C:\Users\riyan\Documents\My\ci4\tasdiqskripsi\system\Database\BaseBuilder.php(1616): CodeIgniter\Database\BaseConnection->query('SELECT *\nFROM `...', Array, false)
#4 C:\Users\riyan\Documents\My\ci4\tasdiqskripsi\app\Models\AngkatanModel.php(38): CodeIgniter\Database\BaseBuilder->get()
#5 C:\Users\riyan\Documents\My\ci4\tasdiqskripsi\app\Controllers\BaseController.php(100): App\Models\AngkatanModel->isActive()
#6 C:\Users\riyan\Documents\My\ci4\tasdiqskripsi\system\CodeIgniter.php(907): App\Controllers\BaseController->initController(Object(CodeIgniter\HTTP\IncomingRequest), Object(CodeIgniter\HTTP\Response), Object(CodeIgniter\Log\Logger))
#7 C:\Users\riyan\Documents\My\ci4\tasdiqskripsi\system\CodeIgniter.php(490): CodeIgniter\CodeIgniter->createController()
#8 C:\Users\riyan\Documents\My\ci4\tasdiqskripsi\system\CodeIgniter.php(368): CodeIgniter\CodeIgniter->handleRequest(NULL, Object(Config\Cache), false)
#9 C:\Users\riyan\Documents\My\ci4\tasdiqskripsi\public\index.php(68): CodeIgniter\CodeIgniter->run()
#10 C:\Users\riyan\Documents\My\ci4\tasdiqskripsi\system\Commands\Server\rewrite.php(47): require_once('C:\\Users\\riyan\\...')
#11 {main}
CRITICAL - 2023-07-31 04:33:19 --> Table 'tasdiqskripsi.tbl_angkatan' doesn't exist in engine
in SYSTEMPATH\Database\MySQLi\Connection.php on line 295.
 1 SYSTEMPATH\Database\MySQLi\Connection.php(295): mysqli->query('SELECT *
FROM `tbl_angkatan`
WHERE `status` = \'1\'
AND `isDelete` IS NULL
ORDER BY `tahun` DESC
 LIMIT 1', 0)
 2 SYSTEMPATH\Database\BaseConnection.php(692): CodeIgniter\Database\MySQLi\Connection->execute('SELECT *
FROM `tbl_angkatan`
WHERE `status` = \'1\'
AND `isDelete` IS NULL
ORDER BY `tahun` DESC
 LIMIT 1')
 3 SYSTEMPATH\Database\BaseConnection.php(606): CodeIgniter\Database\BaseConnection->simpleQuery('SELECT *
FROM `tbl_angkatan`
WHERE `status` = \'1\'
AND `isDelete` IS NULL
ORDER BY `tahun` DESC
 LIMIT 1')
 4 SYSTEMPATH\Database\BaseBuilder.php(1616): CodeIgniter\Database\BaseConnection->query('SELECT *
FROM `tbl_angkatan`
WHERE `status` = :status:
AND `isDelete` IS NULL
ORDER BY `tahun` DESC
 LIMIT 1', [...], false)
 5 APPPATH\Models\AngkatanModel.php(38): CodeIgniter\Database\BaseBuilder->get()
 6 APPPATH\Controllers\BaseController.php(100): App\Models\AngkatanModel->isActive()
 7 SYSTEMPATH\CodeIgniter.php(907): App\Controllers\BaseController->initController(Object(CodeIgniter\HTTP\IncomingRequest), Object(CodeIgniter\HTTP\Response), Object(CodeIgniter\Log\Logger))
 8 SYSTEMPATH\CodeIgniter.php(490): CodeIgniter\CodeIgniter->createController()
 9 SYSTEMPATH\CodeIgniter.php(368): CodeIgniter\CodeIgniter->handleRequest(null, Object(Config\Cache), false)
10 FCPATH\index.php(68): CodeIgniter\CodeIgniter->run()
11 SYSTEMPATH\Commands\Server\rewrite.php(47): require_once('C:\\Users\\riyan\\Documents\\My\\ci4\\tasdiqskripsi\\public\\index.php')
INFO - 2023-07-31 04:34:19 --> Session: Class initialized using 'CodeIgniter\Session\Handlers\FileHandler' driver.
INFO - 2023-07-31 04:34:19 --> Session: Class initialized using 'CodeIgniter\Session\Handlers\FileHandler' driver.
INFO - 2023-07-31 04:45:36 --> Session: Class initialized using 'CodeIgniter\Session\Handlers\FileHandler' driver.
INFO - 2023-07-31 04:45:38 --> Session: Class initialized using 'CodeIgniter\Session\Handlers\FileHandler' driver.
INFO - 2023-07-31 04:46:17 --> Session: Class initialized using 'CodeIgniter\Session\Handlers\FileHandler' driver.
ERROR - 2023-07-31 04:46:17 --> mysqli_sql_exception: Unknown column 'agama' in 'field list' in C:\Users\riyan\Documents\My\ci4\tasdiqskripsi\system\Database\MySQLi\Connection.php:295
Stack trace:
#0 C:\Users\riyan\Documents\My\ci4\tasdiqskripsi\system\Database\MySQLi\Connection.php(295): mysqli->query('INSERT INTO `tb...', 0)
#1 C:\Users\riyan\Documents\My\ci4\tasdiqskripsi\system\Database\BaseConnection.php(692): CodeIgniter\Database\MySQLi\Connection->execute('INSERT INTO `tb...')
#2 C:\Users\riyan\Documents\My\ci4\tasdiqskripsi\system\Database\BaseConnection.php(606): CodeIgniter\Database\BaseConnection->simpleQuery('INSERT INTO `tb...')
#3 C:\Users\riyan\Documents\My\ci4\tasdiqskripsi\system\Database\BaseBuilder.php(2309): CodeIgniter\Database\BaseConnection->query('INSERT INTO `tb...', Array, false)
#4 C:\Users\riyan\Documents\My\ci4\tasdiqskripsi\app\Models\PribadiModel.php(72): CodeIgniter\Database\BaseBuilder->insert(Array)
#5 C:\Users\riyan\Documents\My\ci4\tasdiqskripsi\app\Controllers\Auth.php(73): App\Models\PribadiModel->simpan(Array)
#6 C:\Users\riyan\Documents\My\ci4\tasdiqskripsi\system\CodeIgniter.php(934): App\Controllers\Auth->daftar()
#7 C:\Users\riyan\Documents\My\ci4\tasdiqskripsi\system\CodeIgniter.php(499): CodeIgniter\CodeIgniter->runController(Object(App\Controllers\Auth))
#8 C:\Users\riyan\Documents\My\ci4\tasdiqskripsi\system\CodeIgniter.php(368): CodeIgniter\CodeIgniter->handleRequest(NULL, Object(Config\Cache), false)
#9 C:\Users\riyan\Documents\My\ci4\tasdiqskripsi\public\index.php(68): CodeIgniter\CodeIgniter->run()
#10 C:\Users\riyan\Documents\My\ci4\tasdiqskripsi\system\Commands\Server\rewrite.php(47): require_once('C:\\Users\\riyan\\...')
#11 {main}
CRITICAL - 2023-07-31 04:46:17 --> Unknown column 'agama' in 'field list'
in SYSTEMPATH\Database\MySQLi\Connection.php on line 295.
 1 SYSTEMPATH\Database\MySQLi\Connection.php(295): mysqli->query('INSERT INTO `tbl_dt_pribadi` (`nama`, `tmpt_lahir`, `tgl_lahir`, `jenis_kelamin`, `agama`, `alamat`, `asl_sekolah`, `jurusan`, `email`, `no_tlpn`, `username`, `password`, `id_angkatan`) VALUES (\'zzz\', \'123123\', \'1222-12-12\', \'Laki-laki\', \'Islam\', \'1awdawd2123\', \'asda aesda\', \'IPA\', \'a@aa.m\', \'123213\', \'123\', \'$2y$10$vlLRhHMi7vLBI5FDcVfJquPWvSSBYvhOCIbfhjyb2KKMEocMeyu5G\', \'3\')', 0)
 2 SYSTEMPATH\Database\BaseConnection.php(692): CodeIgniter\Database\MySQLi\Connection->execute('INSERT INTO `tbl_dt_pribadi` (`nama`, `tmpt_lahir`, `tgl_lahir`, `jenis_kelamin`, `agama`, `alamat`, `asl_sekolah`, `jurusan`, `email`, `no_tlpn`, `username`, `password`, `id_angkatan`) VALUES (\'zzz\', \'123123\', \'1222-12-12\', \'Laki-laki\', \'Islam\', \'1awdawd2123\', \'asda aesda\', \'IPA\', \'a@aa.m\', \'123213\', \'123\', \'$2y$10$vlLRhHMi7vLBI5FDcVfJquPWvSSBYvhOCIbfhjyb2KKMEocMeyu5G\', \'3\')')
 3 SYSTEMPATH\Database\BaseConnection.php(606): CodeIgniter\Database\BaseConnection->simpleQuery('INSERT INTO `tbl_dt_pribadi` (`nama`, `tmpt_lahir`, `tgl_lahir`, `jenis_kelamin`, `agama`, `alamat`, `asl_sekolah`, `jurusan`, `email`, `no_tlpn`, `username`, `password`, `id_angkatan`) VALUES (\'zzz\', \'123123\', \'1222-12-12\', \'Laki-laki\', \'Islam\', \'1awdawd2123\', \'asda aesda\', \'IPA\', \'a@aa.m\', \'123213\', \'123\', \'$2y$10$vlLRhHMi7vLBI5FDcVfJquPWvSSBYvhOCIbfhjyb2KKMEocMeyu5G\', \'3\')')
 4 SYSTEMPATH\Database\BaseBuilder.php(2309): CodeIgniter\Database\BaseConnection->query('INSERT INTO `tbl_dt_pribadi` (`nama`, `tmpt_lahir`, `tgl_lahir`, `jenis_kelamin`, `agama`, `alamat`, `asl_sekolah`, `jurusan`, `email`, `no_tlpn`, `username`, `password`, `id_angkatan`) VALUES (:nama:, :tmpt_lahir:, :tgl_lahir:, :jenis_kelamin:, :agama:, :alamat:, :asl_sekolah:, :jurusan:, :email:, :no_tlpn:, :username:, :password:, :id_angkatan:)', [...], false)
 5 APPPATH\Models\PribadiModel.php(72): CodeIgniter\Database\BaseBuilder->insert([...])
 6 APPPATH\Controllers\Auth.php(73): App\Models\PribadiModel->simpan([...])
 7 SYSTEMPATH\CodeIgniter.php(934): App\Controllers\Auth->daftar()
 8 SYSTEMPATH\CodeIgniter.php(499): CodeIgniter\CodeIgniter->runController(Object(App\Controllers\Auth))
 9 SYSTEMPATH\CodeIgniter.php(368): CodeIgniter\CodeIgniter->handleRequest(null, Object(Config\Cache), false)
10 FCPATH\index.php(68): CodeIgniter\CodeIgniter->run()
11 SYSTEMPATH\Commands\Server\rewrite.php(47): require_once('C:\\Users\\riyan\\Documents\\My\\ci4\\tasdiqskripsi\\public\\index.php')
INFO - 2023-07-31 04:46:43 --> Session: Class initialized using 'CodeIgniter\Session\Handlers\FileHandler' driver.
ERROR - 2023-07-31 04:46:43 --> mysqli_sql_exception: Unknown column 'agama' in 'field list' in C:\Users\riyan\Documents\My\ci4\tasdiqskripsi\system\Database\MySQLi\Connection.php:295
Stack trace:
#0 C:\Users\riyan\Documents\My\ci4\tasdiqskripsi\system\Database\MySQLi\Connection.php(295): mysqli->query('INSERT INTO `tb...', 0)
#1 C:\Users\riyan\Documents\My\ci4\tasdiqskripsi\system\Database\BaseConnection.php(692): CodeIgniter\Database\MySQLi\Connection->execute('INSERT INTO `tb...')
#2 C:\Users\riyan\Documents\My\ci4\tasdiqskripsi\system\Database\BaseConnection.php(606): CodeIgniter\Database\BaseConnection->simpleQuery('INSERT INTO `tb...')
#3 C:\Users\riyan\Documents\My\ci4\tasdiqskripsi\system\Database\BaseBuilder.php(2309): CodeIgniter\Database\BaseConnection->query('INSERT INTO `tb...', Array, false)
#4 C:\Users\riyan\Documents\My\ci4\tasdiqskripsi\app\Models\PribadiModel.php(72): CodeIgniter\Database\BaseBuilder->insert(Array)
#5 C:\Users\riyan\Documents\My\ci4\tasdiqskripsi\app\Controllers\Auth.php(73): App\Models\PribadiModel->simpan(Array)
#6 C:\Users\riyan\Documents\My\ci4\tasdiqskripsi\system\CodeIgniter.php(934): App\Controllers\Auth->daftar()
#7 C:\Users\riyan\Documents\My\ci4\tasdiqskripsi\system\CodeIgniter.php(499): CodeIgniter\CodeIgniter->runController(Object(App\Controllers\Auth))
#8 C:\Users\riyan\Documents\My\ci4\tasdiqskripsi\system\CodeIgniter.php(368): CodeIgniter\CodeIgniter->handleRequest(NULL, Object(Config\Cache), false)
#9 C:\Users\riyan\Documents\My\ci4\tasdiqskripsi\public\index.php(68): CodeIgniter\CodeIgniter->run()
#10 C:\Users\riyan\Documents\My\ci4\tasdiqskripsi\system\Commands\Server\rewrite.php(47): require_once('C:\\Users\\riyan\\...')
#11 {main}
CRITICAL - 2023-07-31 04:46:43 --> Unknown column 'agama' in 'field list'
in SYSTEMPATH\Database\MySQLi\Connection.php on line 295.
 1 SYSTEMPATH\Database\MySQLi\Connection.php(295): mysqli->query('INSERT INTO `tbl_dt_pribadi` (`nama`, `tmpt_lahir`, `tgl_lahir`, `jenis_kelamin`, `agama`, `alamat`, `asl_sekolah`, `jurusan`, `email`, `no_tlpn`, `username`, `password`, `id_angkatan`) VALUES (\'zzz\', \'123123\', \'1222-12-12\', \'Laki-laki\', \'Islam\', \'1awdawd2123\', \'asda aesda\', \'IPA\', \'a@aa.m\', \'123213\', \'123\', \'$2y$10$EublLwetlH0WLO9I2YVQk.F0EsJSrR.3Zt35pduDKRvgkGTnd0TJS\', \'3\')', 0)
 2 SYSTEMPATH\Database\BaseConnection.php(692): CodeIgniter\Database\MySQLi\Connection->execute('INSERT INTO `tbl_dt_pribadi` (`nama`, `tmpt_lahir`, `tgl_lahir`, `jenis_kelamin`, `agama`, `alamat`, `asl_sekolah`, `jurusan`, `email`, `no_tlpn`, `username`, `password`, `id_angkatan`) VALUES (\'zzz\', \'123123\', \'1222-12-12\', \'Laki-laki\', \'Islam\', \'1awdawd2123\', \'asda aesda\', \'IPA\', \'a@aa.m\', \'123213\', \'123\', \'$2y$10$EublLwetlH0WLO9I2YVQk.F0EsJSrR.3Zt35pduDKRvgkGTnd0TJS\', \'3\')')
 3 SYSTEMPATH\Database\BaseConnection.php(606): CodeIgniter\Database\BaseConnection->simpleQuery('INSERT INTO `tbl_dt_pribadi` (`nama`, `tmpt_lahir`, `tgl_lahir`, `jenis_kelamin`, `agama`, `alamat`, `asl_sekolah`, `jurusan`, `email`, `no_tlpn`, `username`, `password`, `id_angkatan`) VALUES (\'zzz\', \'123123\', \'1222-12-12\', \'Laki-laki\', \'Islam\', \'1awdawd2123\', \'asda aesda\', \'IPA\', \'a@aa.m\', \'123213\', \'123\', \'$2y$10$EublLwetlH0WLO9I2YVQk.F0EsJSrR.3Zt35pduDKRvgkGTnd0TJS\', \'3\')')
 4 SYSTEMPATH\Database\BaseBuilder.php(2309): CodeIgniter\Database\BaseConnection->query('INSERT INTO `tbl_dt_pribadi` (`nama`, `tmpt_lahir`, `tgl_lahir`, `jenis_kelamin`, `agama`, `alamat`, `asl_sekolah`, `jurusan`, `email`, `no_tlpn`, `username`, `password`, `id_angkatan`) VALUES (:nama:, :tmpt_lahir:, :tgl_lahir:, :jenis_kelamin:, :agama:, :alamat:, :asl_sekolah:, :jurusan:, :email:, :no_tlpn:, :username:, :password:, :id_angkatan:)', [...], false)
 5 APPPATH\Models\PribadiModel.php(72): CodeIgniter\Database\BaseBuilder->insert([...])
 6 APPPATH\Controllers\Auth.php(73): App\Models\PribadiModel->simpan([...])
 7 SYSTEMPATH\CodeIgniter.php(934): App\Controllers\Auth->daftar()
 8 SYSTEMPATH\CodeIgniter.php(499): CodeIgniter\CodeIgniter->runController(Object(App\Controllers\Auth))
 9 SYSTEMPATH\CodeIgniter.php(368): CodeIgniter\CodeIgniter->handleRequest(null, Object(Config\Cache), false)
10 FCPATH\index.php(68): CodeIgniter\CodeIgniter->run()
11 SYSTEMPATH\Commands\Server\rewrite.php(47): require_once('C:\\Users\\riyan\\Documents\\My\\ci4\\tasdiqskripsi\\public\\index.php')
INFO - 2023-07-31 04:46:45 --> Session: Class initialized using 'CodeIgniter\Session\Handlers\FileHandler' driver.
INFO - 2023-07-31 04:46:47 --> Session: Class initialized using 'CodeIgniter\Session\Handlers\FileHandler' driver.
INFO - 2023-07-31 04:46:48 --> Session: Class initialized using 'CodeIgniter\Session\Handlers\FileHandler' driver.
INFO - 2023-07-31 04:46:51 --> Session: Class initialized using 'CodeIgniter\Session\Handlers\FileHandler' driver.
INFO - 2023-07-31 04:46:51 --> Session: Class initialized using 'CodeIgniter\Session\Handlers\FileHandler' driver.
INFO - 2023-07-31 04:47:59 --> Session: Class initialized using 'CodeIgniter\Session\Handlers\FileHandler' driver.
INFO - 2023-07-31 04:48:03 --> Session: Class initialized using 'CodeIgniter\Session\Handlers\FileHandler' driver.
INFO - 2023-07-31 04:48:21 --> Session: Class initialized using 'CodeIgniter\Session\Handlers\FileHandler' driver.
INFO - 2023-07-31 04:48:31 --> Session: Class initialized using 'CodeIgniter\Session\Handlers\FileHandler' driver.
INFO - 2023-07-31 04:48:34 --> Session: Class initialized using 'CodeIgniter\Session\Handlers\FileHandler' driver.
INFO - 2023-07-31 04:48:55 --> Session: Class initialized using 'CodeIgniter\Session\Handlers\FileHandler' driver.
INFO - 2023-07-31 04:48:57 --> Session: Class initialized using 'CodeIgniter\Session\Handlers\FileHandler' driver.
INFO - 2023-07-31 04:48:59 --> Session: Class initialized using 'CodeIgniter\Session\Handlers\FileHandler' driver.
INFO - 2023-07-31 04:49:44 --> Session: Class initialized using 'CodeIgniter\Session\Handlers\FileHandler' driver.
INFO - 2023-07-31 04:49:52 --> Session: Class initialized using 'CodeIgniter\Session\Handlers\FileHandler' driver.
INFO - 2023-07-31 04:50:54 --> Session: Class initialized using 'CodeIgniter\Session\Handlers\FileHandler' driver.
INFO - 2023-07-31 04:51:39 --> Session: Class initialized using 'CodeIgniter\Session\Handlers\FileHandler' driver.
INFO - 2023-07-31 04:51:46 --> Session: Class initialized using 'CodeIgniter\Session\Handlers\FileHandler' driver.
CRITICAL - 2023-07-31 04:51:46 --> Cannot use object of type stdClass as array
in APPPATH\Views\pendaftar\detail.php on line 103.
 1 SYSTEMPATH\View\View.php(213): include()
 2 SYSTEMPATH\View\View.php(216): CodeIgniter\View\View->CodeIgniter\View\{closure}()
 3 SYSTEMPATH\Common.php(1184): CodeIgniter\View\View->render('pendaftar/detail', [], true)
 4 APPPATH\Controllers\Home.php(49): view('pendaftar/detail', [...])
 5 SYSTEMPATH\CodeIgniter.php(934): App\Controllers\Home->pendaftar()
 6 SYSTEMPATH\CodeIgniter.php(499): CodeIgniter\CodeIgniter->runController(Object(App\Controllers\Home))
 7 SYSTEMPATH\CodeIgniter.php(368): CodeIgniter\CodeIgniter->handleRequest(null, Object(Config\Cache), false)
 8 FCPATH\index.php(68): CodeIgniter\CodeIgniter->run()
 9 SYSTEMPATH\Commands\Server\rewrite.php(47): require_once('C:\\Users\\riyan\\Documents\\My\\ci4\\tasdiqskripsi\\public\\index.php')
INFO - 2023-07-31 04:52:14 --> Session: Class initialized using 'CodeIgniter\Session\Handlers\FileHandler' driver.
INFO - 2023-07-31 04:52:22 --> Session: Class initialized using 'CodeIgniter\Session\Handlers\FileHandler' driver.
INFO - 2023-07-31 04:52:29 --> Session: Class initialized using 'CodeIgniter\Session\Handlers\FileHandler' driver.
INFO - 2023-07-31 04:52:32 --> Session: Class initialized using 'CodeIgniter\Session\Handlers\FileHandler' driver.
INFO - 2023-07-31 04:52:46 --> Session: Class initialized using 'CodeIgniter\Session\Handlers\FileHandler' driver.
INFO - 2023-07-31 04:52:52 --> Session: Class initialized using 'CodeIgniter\Session\Handlers\FileHandler' driver.
INFO - 2023-07-31 04:53:48 --> Session: Class initialized using 'CodeIgniter\Session\Handlers\FileHandler' driver.
INFO - 2023-07-31 04:54:00 --> Session: Class initialized using 'CodeIgniter\Session\Handlers\FileHandler' driver.
INFO - 2023-07-31 04:54:06 --> Session: Class initialized using 'CodeIgniter\Session\Handlers\FileHandler' driver.
INFO - 2023-07-31 04:54:11 --> Session: Class initialized using 'CodeIgniter\Session\Handlers\FileHandler' driver.
INFO - 2023-07-31 04:54:16 --> Session: Class initialized using 'CodeIgniter\Session\Handlers\FileHandler' driver.
INFO - 2023-07-31 04:54:19 --> Session: Class initialized using 'CodeIgniter\Session\Handlers\FileHandler' driver.
INFO - 2023-07-31 04:54:22 --> Session: Class initialized using 'CodeIgniter\Session\Handlers\FileHandler' driver.
INFO - 2023-07-31 04:54:30 --> Session: Class initialized using 'CodeIgniter\Session\Handlers\FileHandler' driver.
INFO - 2023-07-31 04:54:57 --> Session: Class initialized using 'CodeIgniter\Session\Handlers\FileHandler' driver.
INFO - 2023-07-31 04:55:05 --> Session: Class initialized using 'CodeIgniter\Session\Handlers\FileHandler' driver.
INFO - 2023-07-31 04:55:11 --> Session: Class initialized using 'CodeIgniter\Session\Handlers\FileHandler' driver.
INFO - 2023-07-31 04:55:14 --> Session: Class initialized using 'CodeIgniter\Session\Handlers\FileHandler' driver.
INFO - 2023-07-31 04:55:23 --> Session: Class initialized using 'CodeIgniter\Session\Handlers\FileHandler' driver.
INFO - 2023-07-31 04:55:29 --> Session: Class initialized using 'CodeIgniter\Session\Handlers\FileHandler' driver.
INFO - 2023-07-31 04:55:29 --> Session: Class initialized using 'CodeIgniter\Session\Handlers\FileHandler' driver.
INFO - 2023-07-31 04:55:32 --> Session: Class initialized using 'CodeIgniter\Session\Handlers\FileHandler' driver.
INFO - 2023-07-31 04:55:32 --> Session: Class initialized using 'CodeIgniter\Session\Handlers\FileHandler' driver.
INFO - 2023-07-31 04:55:45 --> Session: Class initialized using 'CodeIgniter\Session\Handlers\FileHandler' driver.
INFO - 2023-07-31 04:55:48 --> Session: Class initialized using 'CodeIgniter\Session\Handlers\FileHandler' driver.
INFO - 2023-07-31 04:55:56 --> Session: Class initialized using 'CodeIgniter\Session\Handlers\FileHandler' driver.
INFO - 2023-07-31 04:56:00 --> Session: Class initialized using 'CodeIgniter\Session\Handlers\FileHandler' driver.
INFO - 2023-07-31 04:56:00 --> Session: Class initialized using 'CodeIgniter\Session\Handlers\FileHandler' driver.
INFO - 2023-07-31 04:56:05 --> Session: Class initialized using 'CodeIgniter\Session\Handlers\FileHandler' driver.
INFO - 2023-07-31 04:56:09 --> Session: Class initialized using 'CodeIgniter\Session\Handlers\FileHandler' driver.
INFO - 2023-07-31 04:56:09 --> Session: Class initialized using 'CodeIgniter\Session\Handlers\FileHandler' driver.
INFO - 2023-07-31 04:56:18 --> Session: Class initialized using 'CodeIgniter\Session\Handlers\FileHandler' driver.
INFO - 2023-07-31 06:00:23 --> Session: Class initialized using 'CodeIgniter\Session\Handlers\FileHandler' driver.
INFO - 2023-07-31 06:00:25 --> Session: Class initialized using 'CodeIgniter\Session\Handlers\FileHandler' driver.
INFO - 2023-07-31 06:04:46 --> Session: Class initialized using 'CodeIgniter\Session\Handlers\FileHandler' driver.
INFO - 2023-07-31 06:04:49 --> Session: Class initialized using 'CodeIgniter\Session\Handlers\FileHandler' driver.
INFO - 2023-07-31 06:09:03 --> Session: Class initialized using 'CodeIgniter\Session\Handlers\FileHandler' driver.
INFO - 2023-07-31 06:09:18 --> Session: Class initialized using 'CodeIgniter\Session\Handlers\FileHandler' driver.
INFO - 2023-07-31 06:09:21 --> Session: Class initialized using 'CodeIgniter\Session\Handlers\FileHandler' driver.
INFO - 2023-07-31 06:09:47 --> Session: Class initialized using 'CodeIgniter\Session\Handlers\FileHandler' driver.
INFO - 2023-07-31 06:10:01 --> Session: Class initialized using 'CodeIgniter\Session\Handlers\FileHandler' driver.
INFO - 2023-07-31 06:10:03 --> Session: Class initialized using 'CodeIgniter\Session\Handlers\FileHandler' driver.
INFO - 2023-07-31 06:10:08 --> Session: Class initialized using 'CodeIgniter\Session\Handlers\FileHandler' driver.
INFO - 2023-07-31 06:10:12 --> Session: Class initialized using 'CodeIgniter\Session\Handlers\FileHandler' driver.
INFO - 2023-07-31 06:10:18 --> Session: Class initialized using 'CodeIgniter\Session\Handlers\FileHandler' driver.
INFO - 2023-07-31 06:10:27 --> Session: Class initialized using 'CodeIgniter\Session\Handlers\FileHandler' driver.
INFO - 2023-07-31 06:16:00 --> Session: Class initialized using 'CodeIgniter\Session\Handlers\FileHandler' driver.
INFO - 2023-07-31 06:16:00 --> Session: Class initialized using 'CodeIgniter\Session\Handlers\FileHandler' driver.
INFO - 2023-07-31 06:16:05 --> Session: Class initialized using 'CodeIgniter\Session\Handlers\FileHandler' driver.
INFO - 2023-07-31 06:16:08 --> Session: Class initialized using 'CodeIgniter\Session\Handlers\FileHandler' driver.
INFO - 2023-07-31 06:16:33 --> Session: Class initialized using 'CodeIgniter\Session\Handlers\FileHandler' driver.
INFO - 2023-07-31 06:16:33 --> Session: Class initialized using 'CodeIgniter\Session\Handlers\FileHandler' driver.
INFO - 2023-07-31 06:16:36 --> Session: Class initialized using 'CodeIgniter\Session\Handlers\FileHandler' driver.
INFO - 2023-07-31 06:16:37 --> Session: Class initialized using 'CodeIgniter\Session\Handlers\FileHandler' driver.
CRITICAL - 2023-07-31 06:16:37 --> Undefined offset: 0
in APPPATH\Controllers\Home.php on line 18.
 1 APPPATH\Controllers\Home.php(18): CodeIgniter\Debug\Exceptions->errorHandler(8, 'Undefined offset: 0', 'C:\\Users\\riyan\\Documents\\My\\ci4\\tasdiqskripsi\\app\\Controllers\\Home.php', 18, [...])
 2 SYSTEMPATH\CodeIgniter.php(934): App\Controllers\Home->dashboard()
 3 SYSTEMPATH\CodeIgniter.php(499): CodeIgniter\CodeIgniter->runController(Object(App\Controllers\Home))
 4 SYSTEMPATH\CodeIgniter.php(368): CodeIgniter\CodeIgniter->handleRequest(null, Object(Config\Cache), false)
 5 FCPATH\index.php(68): CodeIgniter\CodeIgniter->run()
 6 SYSTEMPATH\Commands\Server\rewrite.php(47): require_once('C:\\Users\\riyan\\Documents\\My\\ci4\\tasdiqskripsi\\public\\index.php')
INFO - 2023-07-31 06:17:01 --> Session: Class initialized using 'CodeIgniter\Session\Handlers\FileHandler' driver.
INFO - 2023-07-31 06:17:13 --> Session: Class initialized using 'CodeIgniter\Session\Handlers\FileHandler' driver.
INFO - 2023-07-31 06:17:13 --> Session: Class initialized using 'CodeIgniter\Session\Handlers\FileHandler' driver.
INFO - 2023-07-31 06:17:18 --> Session: Class initialized using 'CodeIgniter\Session\Handlers\FileHandler' driver.
INFO - 2023-07-31 06:17:21 --> Session: Class initialized using 'CodeIgniter\Session\Handlers\FileHandler' driver.
INFO - 2023-07-31 06:17:22 --> Session: Class initialized using 'CodeIgniter\Session\Handlers\FileHandler' driver.
INFO - 2023-07-31 06:17:26 --> Session: Class initialized using 'CodeIgniter\Session\Handlers\FileHandler' driver.
INFO - 2023-07-31 06:17:31 --> Session: Class initialized using 'CodeIgniter\Session\Handlers\FileHandler' driver.
INFO - 2023-07-31 06:17:32 --> Session: Class initialized using 'CodeIgniter\Session\Handlers\FileHandler' driver.
INFO - 2023-07-31 06:17:33 --> Session: Class initialized using 'CodeIgniter\Session\Handlers\FileHandler' driver.
CRITICAL - 2023-07-31 06:17:33 --> Undefined offset: 0
in APPPATH\Controllers\Admin\Pendaftar.php on line 40.
 1 APPPATH\Controllers\Admin\Pendaftar.php(40): CodeIgniter\Debug\Exceptions->errorHandler(8, 'Undefined offset: 0', 'C:\\Users\\riyan\\Documents\\My\\ci4\\tasdiqskripsi\\app\\Controllers\\Admin\\Pendaftar.php', 40, [...])
 2 SYSTEMPATH\CodeIgniter.php(934): App\Controllers\Admin\Pendaftar->detail('5')
 3 SYSTEMPATH\CodeIgniter.php(499): CodeIgniter\CodeIgniter->runController(Object(App\Controllers\Admin\Pendaftar))
 4 SYSTEMPATH\CodeIgniter.php(368): CodeIgniter\CodeIgniter->handleRequest(null, Object(Config\Cache), false)
 5 FCPATH\index.php(68): CodeIgniter\CodeIgniter->run()
 6 SYSTEMPATH\Commands\Server\rewrite.php(47): require_once('C:\\Users\\riyan\\Documents\\My\\ci4\\tasdiqskripsi\\public\\index.php')
INFO - 2023-07-31 06:17:45 --> Session: Class initialized using 'CodeIgniter\Session\Handlers\FileHandler' driver.
INFO - 2023-07-31 06:17:59 --> Session: Class initialized using 'CodeIgniter\Session\Handlers\FileHandler' driver.
INFO - 2023-07-31 06:18:02 --> Session: Class initialized using 'CodeIgniter\Session\Handlers\FileHandler' driver.
INFO - 2023-07-31 06:18:06 --> Session: Class initialized using 'CodeIgniter\Session\Handlers\FileHandler' driver.
INFO - 2023-07-31 06:18:09 --> Session: Class initialized using 'CodeIgniter\Session\Handlers\FileHandler' driver.
INFO - 2023-07-31 06:18:15 --> Session: Class initialized using 'CodeIgniter\Session\Handlers\FileHandler' driver.
INFO - 2023-07-31 06:18:19 --> Session: Class initialized using 'CodeIgniter\Session\Handlers\FileHandler' driver.
INFO - 2023-07-31 06:18:23 --> Session: Class initialized using 'CodeIgniter\Session\Handlers\FileHandler' driver.
INFO - 2023-07-31 06:18:27 --> Session: Class initialized using 'CodeIgniter\Session\Handlers\FileHandler' driver.
INFO - 2023-07-31 06:18:59 --> Session: Class initialized using 'CodeIgniter\Session\Handlers\FileHandler' driver.
INFO - 2023-07-31 06:19:05 --> Session: Class initialized using 'CodeIgniter\Session\Handlers\FileHandler' driver.
INFO - 2023-07-31 06:20:10 --> Session: Class initialized using 'CodeIgniter\Session\Handlers\FileHandler' driver.
INFO - 2023-07-31 06:20:15 --> Session: Class initialized using 'CodeIgniter\Session\Handlers\FileHandler' driver.
INFO - 2023-07-31 06:20:19 --> Session: Class initialized using 'CodeIgniter\Session\Handlers\FileHandler' driver.
INFO - 2023-07-31 06:20:21 --> Session: Class initialized using 'CodeIgniter\Session\Handlers\FileHandler' driver.
INFO - 2023-07-31 06:20:26 --> Session: Class initialized using 'CodeIgniter\Session\Handlers\FileHandler' driver.
INFO - 2023-07-31 06:20:30 --> Session: Class initialized using 'CodeIgniter\Session\Handlers\FileHandler' driver.
INFO - 2023-07-31 06:23:05 --> Session: Class initialized using 'CodeIgniter\Session\Handlers\FileHandler' driver.
CRITICAL - 2023-07-31 06:23:05 --> Undefined index: nilai_un
in APPPATH\Helpers\ini_helper.php on line 12.
 1 APPPATH\Helpers\ini_helper.php(12): CodeIgniter\Debug\Exceptions->errorHandler(8, 'Undefined index: nilai_un', 'C:\\Users\\riyan\\Documents\\My\\ci4\\tasdiqskripsi\\app\\Helpers\\ini_helper.php', 12, [...])
 2 APPPATH\Controllers\Pendaftar.php(183): genNilai([...])
 3 SYSTEMPATH\CodeIgniter.php(934): App\Controllers\Pendaftar->ubahdatanilai2()
 4 SYSTEMPATH\CodeIgniter.php(499): CodeIgniter\CodeIgniter->runController(Object(App\Controllers\Pendaftar))
 5 SYSTEMPATH\CodeIgniter.php(368): CodeIgniter\CodeIgniter->handleRequest(null, Object(Config\Cache), false)
 6 FCPATH\index.php(68): CodeIgniter\CodeIgniter->run()
 7 SYSTEMPATH\Commands\Server\rewrite.php(47): require_once('C:\\Users\\riyan\\Documents\\My\\ci4\\tasdiqskripsi\\public\\index.php')
INFO - 2023-07-31 06:23:16 --> Session: Class initialized using 'CodeIgniter\Session\Handlers\FileHandler' driver.
CRITICAL - 2023-07-31 06:23:16 --> Undefined index: nilai_un
in APPPATH\Helpers\ini_helper.php on line 12.
 1 APPPATH\Helpers\ini_helper.php(12): CodeIgniter\Debug\Exceptions->errorHandler(8, 'Undefined index: nilai_un', 'C:\\Users\\riyan\\Documents\\My\\ci4\\tasdiqskripsi\\app\\Helpers\\ini_helper.php', 12, [...])
 2 APPPATH\Controllers\Pendaftar.php(183): genNilai([...])
 3 SYSTEMPATH\CodeIgniter.php(934): App\Controllers\Pendaftar->ubahdatanilai2()
 4 SYSTEMPATH\CodeIgniter.php(499): CodeIgniter\CodeIgniter->runController(Object(App\Controllers\Pendaftar))
 5 SYSTEMPATH\CodeIgniter.php(368): CodeIgniter\CodeIgniter->handleRequest(null, Object(Config\Cache), false)
 6 FCPATH\index.php(68): CodeIgniter\CodeIgniter->run()
 7 SYSTEMPATH\Commands\Server\rewrite.php(47): require_once('C:\\Users\\riyan\\Documents\\My\\ci4\\tasdiqskripsi\\public\\index.php')
INFO - 2023-07-31 06:23:41 --> Session: Class initialized using 'CodeIgniter\Session\Handlers\FileHandler' driver.
INFO - 2023-07-31 06:23:46 --> Session: Class initialized using 'CodeIgniter\Session\Handlers\FileHandler' driver.
INFO - 2023-07-31 06:24:03 --> Session: Class initialized using 'CodeIgniter\Session\Handlers\FileHandler' driver.
INFO - 2023-07-31 06:24:05 --> Session: Class initialized using 'CodeIgniter\Session\Handlers\FileHandler' driver.
INFO - 2023-07-31 06:24:26 --> Session: Class initialized using 'CodeIgniter\Session\Handlers\FileHandler' driver.
INFO - 2023-07-31 06:24:30 --> Session: Class initialized using 'CodeIgniter\Session\Handlers\FileHandler' driver.
INFO - 2023-07-31 06:24:35 --> Session: Class initialized using 'CodeIgniter\Session\Handlers\FileHandler' driver.
INFO - 2023-07-31 06:24:49 --> Session: Class initialized using 'CodeIgniter\Session\Handlers\FileHandler' driver.
INFO - 2023-07-31 06:24:50 --> Session: Class initialized using 'CodeIgniter\Session\Handlers\FileHandler' driver.
INFO - 2023-07-31 06:24:54 --> Session: Class initialized using 'CodeIgniter\Session\Handlers\FileHandler' driver.
INFO - 2023-07-31 06:24:57 --> Session: Class initialized using 'CodeIgniter\Session\Handlers\FileHandler' driver.
INFO - 2023-07-31 06:25:39 --> Session: Class initialized using 'CodeIgniter\Session\Handlers\FileHandler' driver.
INFO - 2023-07-31 06:25:47 --> Session: Class initialized using 'CodeIgniter\Session\Handlers\FileHandler' driver.
INFO - 2023-07-31 06:26:05 --> Session: Class initialized using 'CodeIgniter\Session\Handlers\FileHandler' driver.
INFO - 2023-07-31 06:26:21 --> Session: Class initialized using 'CodeIgniter\Session\Handlers\FileHandler' driver.
INFO - 2023-07-31 06:26:36 --> Session: Class initialized using 'CodeIgniter\Session\Handlers\FileHandler' driver.
INFO - 2023-07-31 06:26:57 --> Session: Class initialized using 'CodeIgniter\Session\Handlers\FileHandler' driver.
INFO - 2023-07-31 06:27:11 --> Session: Class initialized using 'CodeIgniter\Session\Handlers\FileHandler' driver.
INFO - 2023-07-31 06:27:36 --> Session: Class initialized using 'CodeIgniter\Session\Handlers\FileHandler' driver.
INFO - 2023-07-31 06:34:55 --> Session: Class initialized using 'CodeIgniter\Session\Handlers\FileHandler' driver.
INFO - 2023-07-31 06:35:58 --> Session: Class initialized using 'CodeIgniter\Session\Handlers\FileHandler' driver.
INFO - 2023-07-31 06:36:00 --> Session: Class initialized using 'CodeIgniter\Session\Handlers\FileHandler' driver.
INFO - 2023-07-31 06:36:08 --> Session: Class initialized using 'CodeIgniter\Session\Handlers\FileHandler' driver.
INFO - 2023-07-31 06:36:08 --> Session: Class initialized using 'CodeIgniter\Session\Handlers\FileHandler' driver.
INFO - 2023-07-31 06:36:13 --> Session: Class initialized using 'CodeIgniter\Session\Handlers\FileHandler' driver.
INFO - 2023-07-31 06:36:16 --> Session: Class initialized using 'CodeIgniter\Session\Handlers\FileHandler' driver.
INFO - 2023-07-31 06:36:16 --> Session: Class initialized using 'CodeIgniter\Session\Handlers\FileHandler' driver.
