ERROR - 2023-08-17 02:09:15 --> Error connecting to the database: mysqli_sql_exception: No connection could be made because the target machine actively refused it.
 in C:\Users\Riyan Risky\My\tasdiq\system\Database\MySQLi\Connection.php:174
Stack trace:
#0 C:\Users\Riyan Risky\My\tasdiq\system\Database\MySQLi\Connection.php(174): mysqli->real_connect('localhost', 'root', '', 'ci4', 3306, '', 0)
#1 C:\Users\Riyan Risky\My\tasdiq\system\Database\BaseConnection.php(391): CodeIgniter\Database\MySQLi\Connection->connect(false)
#2 C:\Users\Riyan Risky\My\tasdiq\system\Database\BaseConnection.php(574): CodeIgniter\Database\BaseConnection->initialize()
#3 C:\Users\Riyan Risky\My\tasdiq\system\Database\BaseBuilder.php(1616): CodeIgniter\Database\BaseConnection->query('SELECT *\nFROM `...', Array, false)
#4 C:\Users\Riyan Risky\My\tasdiq\app\Models\AngkatanModel.php(38): CodeIgniter\Database\BaseBuilder->get()
#5 C:\Users\Riyan Risky\My\tasdiq\app\Controllers\BaseController.php(100): App\Models\AngkatanModel->isActive()
#6 C:\Users\Riyan Risky\My\tasdiq\system\CodeIgniter.php(907): App\Controllers\BaseController->initController(Object(CodeIgniter\HTTP\IncomingRequest), Object(CodeIgniter\HTTP\Response), Object(CodeIgniter\Log\Logger))
#7 C:\Users\Riyan Risky\My\tasdiq\system\CodeIgniter.php(490): CodeIgniter\CodeIgniter->createController()
#8 C:\Users\Riyan Risky\My\tasdiq\system\CodeIgniter.php(368): CodeIgniter\CodeIgniter->handleRequest(NULL, Object(Config\Cache), false)
#9 C:\Users\Riyan Risky\My\tasdiq\public\index.php(68): CodeIgniter\CodeIgniter->run()
#10 C:\Users\Riyan Risky\My\tasdiq\system\Commands\Server\rewrite.php(47): require_once('C:\\Users\\Riyan ...')
#11 {main}

Next CodeIgniter\Database\Exceptions\DatabaseException: No connection could be made because the target machine actively refused it.
 in C:\Users\Riyan Risky\My\tasdiq\system\Database\MySQLi\Connection.php:218
Stack trace:
#0 C:\Users\Riyan Risky\My\tasdiq\system\Database\BaseConnection.php(391): CodeIgniter\Database\MySQLi\Connection->connect(false)
#1 C:\Users\Riyan Risky\My\tasdiq\system\Database\BaseConnection.php(574): CodeIgniter\Database\BaseConnection->initialize()
#2 C:\Users\Riyan Risky\My\tasdiq\system\Database\BaseBuilder.php(1616): CodeIgniter\Database\BaseConnection->query('SELECT *\nFROM `...', Array, false)
#3 C:\Users\Riyan Risky\My\tasdiq\app\Models\AngkatanModel.php(38): CodeIgniter\Database\BaseBuilder->get()
#4 C:\Users\Riyan Risky\My\tasdiq\app\Controllers\BaseController.php(100): App\Models\AngkatanModel->isActive()
#5 C:\Users\Riyan Risky\My\tasdiq\system\CodeIgniter.php(907): App\Controllers\BaseController->initController(Object(CodeIgniter\HTTP\IncomingRequest), Object(CodeIgniter\HTTP\Response), Object(CodeIgniter\Log\Logger))
#6 C:\Users\Riyan Risky\My\tasdiq\system\CodeIgniter.php(490): CodeIgniter\CodeIgniter->createController()
#7 C:\Users\Riyan Risky\My\tasdiq\system\CodeIgniter.php(368): CodeIgniter\CodeIgniter->handleRequest(NULL, Object(Config\Cache), false)
#8 C:\Users\Riyan Risky\My\tasdiq\public\index.php(68): CodeIgniter\CodeIgniter->run()
#9 C:\Users\Riyan Risky\My\tasdiq\system\Commands\Server\rewrite.php(47): require_once('C:\\Users\\Riyan ...')
#10 {main}
CRITICAL - 2023-08-17 02:09:15 --> Unable to connect to the database.
Main connection [MySQLi]: No connection could be made because the target machine actively refused it.

in SYSTEMPATH\Database\BaseConnection.php on line 427.
 1 SYSTEMPATH\Database\BaseConnection.php(574): CodeIgniter\Database\BaseConnection->initialize()
 2 SYSTEMPATH\Database\BaseBuilder.php(1616): CodeIgniter\Database\BaseConnection->query('SELECT *
FROM `tbl_angkatan`
WHERE `status` = :status:
AND `isDelete` IS NULL
ORDER BY `tahun` DESC
 LIMIT 1', [...], false)
 3 APPPATH\Models\AngkatanModel.php(38): CodeIgniter\Database\BaseBuilder->get()
 4 APPPATH\Controllers\BaseController.php(100): App\Models\AngkatanModel->isActive()
 5 SYSTEMPATH\CodeIgniter.php(907): App\Controllers\BaseController->initController(Object(CodeIgniter\HTTP\IncomingRequest), Object(CodeIgniter\HTTP\Response), Object(CodeIgniter\Log\Logger))
 6 SYSTEMPATH\CodeIgniter.php(490): CodeIgniter\CodeIgniter->createController()
 7 SYSTEMPATH\CodeIgniter.php(368): CodeIgniter\CodeIgniter->handleRequest(null, Object(Config\Cache), false)
 8 FCPATH\index.php(68): CodeIgniter\CodeIgniter->run()
 9 SYSTEMPATH\Commands\Server\rewrite.php(47): require_once('C:\\Users\\Riyan Risky\\My\\tasdiq\\public\\index.php')
ERROR - 2023-08-17 02:09:53 --> mysqli_sql_exception: Unknown column 'tbl_dt_pribadi.deleted_at' in 'where clause' in C:\Users\Riyan Risky\My\tasdiq\system\Database\MySQLi\Connection.php:295
Stack trace:
#0 C:\Users\Riyan Risky\My\tasdiq\system\Database\MySQLi\Connection.php(295): mysqli->query('SELECT *\nFROM `...', 0)
#1 C:\Users\Riyan Risky\My\tasdiq\system\Database\BaseConnection.php(692): CodeIgniter\Database\MySQLi\Connection->execute('SELECT *\nFROM `...')
#2 C:\Users\Riyan Risky\My\tasdiq\system\Database\BaseConnection.php(606): CodeIgniter\Database\BaseConnection->simpleQuery('SELECT *\nFROM `...')
#3 C:\Users\Riyan Risky\My\tasdiq\system\Database\BaseBuilder.php(1616): CodeIgniter\Database\BaseConnection->query('SELECT *\nFROM `...', Array, false)
#4 C:\Users\Riyan Risky\My\tasdiq\app\Models\PribadiModel.php(88): CodeIgniter\Database\BaseBuilder->get()
#5 C:\Users\Riyan Risky\My\tasdiq\app\Controllers\Admin\Home.php(13): App\Models\PribadiModel->find_now()
#6 C:\Users\Riyan Risky\My\tasdiq\system\CodeIgniter.php(934): App\Controllers\Admin\Home->index()
#7 C:\Users\Riyan Risky\My\tasdiq\system\CodeIgniter.php(499): CodeIgniter\CodeIgniter->runController(Object(App\Controllers\Admin\Home))
#8 C:\Users\Riyan Risky\My\tasdiq\system\CodeIgniter.php(368): CodeIgniter\CodeIgniter->handleRequest(NULL, Object(Config\Cache), false)
#9 C:\Users\Riyan Risky\My\tasdiq\public\index.php(68): CodeIgniter\CodeIgniter->run()
#10 C:\Users\Riyan Risky\My\tasdiq\system\Commands\Server\rewrite.php(47): require_once('C:\\Users\\Riyan ...')
#11 {main}
CRITICAL - 2023-08-17 02:09:53 --> Unknown column 'tbl_dt_pribadi.deleted_at' in 'where clause'
in SYSTEMPATH\Database\MySQLi\Connection.php on line 295.
 1 SYSTEMPATH\Database\MySQLi\Connection.php(295): mysqli->query('SELECT *
FROM `tbl_dt_pribadi`
JOIN `tbl_angkatan` ON `tbl_angkatan`.`id_angkatan` = `tbl_dt_pribadi`.`id_angkatan`
LEFT JOIN `tbl_nilai` ON `tbl_nilai`.`id_dt_pribadi` = `tbl_dt_pribadi`.`id`
WHERE `tbl_dt_pribadi`.`id_angkatan` = \'3\'
AND `tbl_dt_pribadi`.`deleted_at` IS NULL', 0)
 2 SYSTEMPATH\Database\BaseConnection.php(692): CodeIgniter\Database\MySQLi\Connection->execute('SELECT *
FROM `tbl_dt_pribadi`
JOIN `tbl_angkatan` ON `tbl_angkatan`.`id_angkatan` = `tbl_dt_pribadi`.`id_angkatan`
LEFT JOIN `tbl_nilai` ON `tbl_nilai`.`id_dt_pribadi` = `tbl_dt_pribadi`.`id`
WHERE `tbl_dt_pribadi`.`id_angkatan` = \'3\'
AND `tbl_dt_pribadi`.`deleted_at` IS NULL')
 3 SYSTEMPATH\Database\BaseConnection.php(606): CodeIgniter\Database\BaseConnection->simpleQuery('SELECT *
FROM `tbl_dt_pribadi`
JOIN `tbl_angkatan` ON `tbl_angkatan`.`id_angkatan` = `tbl_dt_pribadi`.`id_angkatan`
LEFT JOIN `tbl_nilai` ON `tbl_nilai`.`id_dt_pribadi` = `tbl_dt_pribadi`.`id`
WHERE `tbl_dt_pribadi`.`id_angkatan` = \'3\'
AND `tbl_dt_pribadi`.`deleted_at` IS NULL')
 4 SYSTEMPATH\Database\BaseBuilder.php(1616): CodeIgniter\Database\BaseConnection->query('SELECT *
FROM `tbl_dt_pribadi`
JOIN `tbl_angkatan` ON `tbl_angkatan`.`id_angkatan` = `tbl_dt_pribadi`.`id_angkatan`
LEFT JOIN `tbl_nilai` ON `tbl_nilai`.`id_dt_pribadi` = `tbl_dt_pribadi`.`id`
WHERE `tbl_dt_pribadi`.`id_angkatan` = :tbl_dt_pribadi.id_angkatan:
AND `tbl_dt_pribadi`.`deleted_at` IS NULL', [...], false)
 5 APPPATH\Models\PribadiModel.php(88): CodeIgniter\Database\BaseBuilder->get()
 6 APPPATH\Controllers\Admin\Home.php(13): App\Models\PribadiModel->find_now()
 7 SYSTEMPATH\CodeIgniter.php(934): App\Controllers\Admin\Home->index()
 8 SYSTEMPATH\CodeIgniter.php(499): CodeIgniter\CodeIgniter->runController(Object(App\Controllers\Admin\Home))
 9 SYSTEMPATH\CodeIgniter.php(368): CodeIgniter\CodeIgniter->handleRequest(null, Object(Config\Cache), false)
10 FCPATH\index.php(68): CodeIgniter\CodeIgniter->run()
11 SYSTEMPATH\Commands\Server\rewrite.php(47): require_once('C:\\Users\\Riyan Risky\\My\\tasdiq\\public\\index.php')
