INFO - 2023-08-30 03:06:35 --> Session: Class initialized using 'CodeIgniter\Session\Handlers\FileHandler' driver.
ERROR - 2023-08-30 03:06:40 --> Error connecting to the database: mysqli_sql_exception: No connection could be made because the target machine actively refused it.
 in C:\Users\riyan\Documents\My\ci4\tasdiqskripsi\system\Database\MySQLi\Connection.php:174
Stack trace:
#0 C:\Users\riyan\Documents\My\ci4\tasdiqskripsi\system\Database\MySQLi\Connection.php(174): mysqli->real_connect('localhost', 'root', '', 'ci4_tasdiq', 3306, '', 0)
#1 C:\Users\riyan\Documents\My\ci4\tasdiqskripsi\system\Database\BaseConnection.php(391): CodeIgniter\Database\MySQLi\Connection->connect(false)
#2 C:\Users\riyan\Documents\My\ci4\tasdiqskripsi\system\Database\BaseConnection.php(574): CodeIgniter\Database\BaseConnection->initialize()
#3 C:\Users\riyan\Documents\My\ci4\tasdiqskripsi\system\Database\BaseBuilder.php(1616): CodeIgniter\Database\BaseConnection->query('SELECT *\nFROM `...', Array, false)
#4 C:\Users\riyan\Documents\My\ci4\tasdiqskripsi\app\Models\AngkatanModel.php(38): CodeIgniter\Database\BaseBuilder->get()
#5 C:\Users\riyan\Documents\My\ci4\tasdiqskripsi\app\Controllers\BaseController.php(103): App\Models\AngkatanModel->isActive()
#6 C:\Users\riyan\Documents\My\ci4\tasdiqskripsi\system\CodeIgniter.php(907): App\Controllers\BaseController->initController(Object(CodeIgniter\HTTP\IncomingRequest), Object(CodeIgniter\HTTP\Response), Object(CodeIgniter\Log\Logger))
#7 C:\Users\riyan\Documents\My\ci4\tasdiqskripsi\system\CodeIgniter.php(490): CodeIgniter\CodeIgniter->createController()
#8 C:\Users\riyan\Documents\My\ci4\tasdiqskripsi\system\CodeIgniter.php(368): CodeIgniter\CodeIgniter->handleRequest(NULL, Object(Config\Cache), false)
#9 C:\Users\riyan\Documents\My\ci4\tasdiqskripsi\public\index.php(68): CodeIgniter\CodeIgniter->run()
#10 C:\Users\riyan\Documents\My\ci4\tasdiqskripsi\system\Commands\Server\rewrite.php(47): require_once('C:\\Users\\riyan\\...')
#11 {main}

Next CodeIgniter\Database\Exceptions\DatabaseException: No connection could be made because the target machine actively refused it.
 in C:\Users\riyan\Documents\My\ci4\tasdiqskripsi\system\Database\MySQLi\Connection.php:218
Stack trace:
#0 C:\Users\riyan\Documents\My\ci4\tasdiqskripsi\system\Database\BaseConnection.php(391): CodeIgniter\Database\MySQLi\Connection->connect(false)
#1 C:\Users\riyan\Documents\My\ci4\tasdiqskripsi\system\Database\BaseConnection.php(574): CodeIgniter\Database\BaseConnection->initialize()
#2 C:\Users\riyan\Documents\My\ci4\tasdiqskripsi\system\Database\BaseBuilder.php(1616): CodeIgniter\Database\BaseConnection->query('SELECT *\nFROM `...', Array, false)
#3 C:\Users\riyan\Documents\My\ci4\tasdiqskripsi\app\Models\AngkatanModel.php(38): CodeIgniter\Database\BaseBuilder->get()
#4 C:\Users\riyan\Documents\My\ci4\tasdiqskripsi\app\Controllers\BaseController.php(103): App\Models\AngkatanModel->isActive()
#5 C:\Users\riyan\Documents\My\ci4\tasdiqskripsi\system\CodeIgniter.php(907): App\Controllers\BaseController->initController(Object(CodeIgniter\HTTP\IncomingRequest), Object(CodeIgniter\HTTP\Response), Object(CodeIgniter\Log\Logger))
#6 C:\Users\riyan\Documents\My\ci4\tasdiqskripsi\system\CodeIgniter.php(490): CodeIgniter\CodeIgniter->createController()
#7 C:\Users\riyan\Documents\My\ci4\tasdiqskripsi\system\CodeIgniter.php(368): CodeIgniter\CodeIgniter->handleRequest(NULL, Object(Config\Cache), false)
#8 C:\Users\riyan\Documents\My\ci4\tasdiqskripsi\public\index.php(68): CodeIgniter\CodeIgniter->run()
#9 C:\Users\riyan\Documents\My\ci4\tasdiqskripsi\system\Commands\Server\rewrite.php(47): require_once('C:\\Users\\riyan\\...')
#10 {main}
CRITICAL - 2023-08-30 03:06:40 --> Unable to connect to the database.
Main connection [MySQLi]: No connection could be made because the target machine actively refused it.

in SYSTEMPATH\Database\BaseConnection.php on line 427.
 1 SYSTEMPATH\Database\BaseConnection.php(574): CodeIgniter\Database\BaseConnection->initialize()
 2 SYSTEMPATH\Database\BaseBuilder.php(1616): CodeIgniter\Database\BaseConnection->query('SELECT *
FROM `tbl_angkatan`
WHERE `status` = :status:
AND `isDelete` IS NULL
ORDER BY `tahun` DESC
 LIMIT 1', [...], false)
 3 APPPATH\Models\AngkatanModel.php(38): CodeIgniter\Database\BaseBuilder->get()
 4 APPPATH\Controllers\BaseController.php(103): App\Models\AngkatanModel->isActive()
 5 SYSTEMPATH\CodeIgniter.php(907): App\Controllers\BaseController->initController(Object(CodeIgniter\HTTP\IncomingRequest), Object(CodeIgniter\HTTP\Response), Object(CodeIgniter\Log\Logger))
 6 SYSTEMPATH\CodeIgniter.php(490): CodeIgniter\CodeIgniter->createController()
 7 SYSTEMPATH\CodeIgniter.php(368): CodeIgniter\CodeIgniter->handleRequest(null, Object(Config\Cache), false)
 8 FCPATH\index.php(68): CodeIgniter\CodeIgniter->run()
 9 SYSTEMPATH\Commands\Server\rewrite.php(47): require_once('C:\\Users\\riyan\\Documents\\My\\ci4\\tasdiqskripsi\\public\\index.php')
INFO - 2023-08-30 03:06:56 --> Session: Class initialized using 'CodeIgniter\Session\Handlers\FileHandler' driver.
INFO - 2023-08-30 03:07:02 --> Session: Class initialized using 'CodeIgniter\Session\Handlers\FileHandler' driver.
INFO - 2023-08-30 03:07:12 --> Session: Class initialized using 'CodeIgniter\Session\Handlers\FileHandler' driver.
INFO - 2023-08-30 03:07:17 --> Session: Class initialized using 'CodeIgniter\Session\Handlers\FileHandler' driver.
INFO - 2023-08-30 03:07:20 --> Session: Class initialized using 'CodeIgniter\Session\Handlers\FileHandler' driver.
INFO - 2023-08-30 03:07:20 --> Session: Class initialized using 'CodeIgniter\Session\Handlers\FileHandler' driver.
INFO - 2023-08-30 03:07:23 --> Session: Class initialized using 'CodeIgniter\Session\Handlers\FileHandler' driver.
INFO - 2023-08-30 03:07:25 --> Session: Class initialized using 'CodeIgniter\Session\Handlers\FileHandler' driver.
INFO - 2023-08-30 03:07:27 --> Session: Class initialized using 'CodeIgniter\Session\Handlers\FileHandler' driver.
INFO - 2023-08-30 03:07:37 --> Session: Class initialized using 'CodeIgniter\Session\Handlers\FileHandler' driver.
INFO - 2023-08-30 03:07:38 --> Session: Class initialized using 'CodeIgniter\Session\Handlers\FileHandler' driver.
INFO - 2023-08-30 03:07:40 --> Session: Class initialized using 'CodeIgniter\Session\Handlers\FileHandler' driver.
INFO - 2023-08-30 03:07:44 --> Session: Class initialized using 'CodeIgniter\Session\Handlers\FileHandler' driver.
INFO - 2023-08-30 03:07:44 --> Session: Class initialized using 'CodeIgniter\Session\Handlers\FileHandler' driver.
INFO - 2023-08-30 03:16:15 --> Session: Class initialized using 'CodeIgniter\Session\Handlers\FileHandler' driver.
INFO - 2023-08-30 03:16:15 --> Session: Class initialized using 'CodeIgniter\Session\Handlers\FileHandler' driver.
INFO - 2023-08-30 03:16:19 --> Session: Class initialized using 'CodeIgniter\Session\Handlers\FileHandler' driver.
INFO - 2023-08-30 03:16:22 --> Session: Class initialized using 'CodeIgniter\Session\Handlers\FileHandler' driver.
INFO - 2023-08-30 03:16:29 --> Session: Class initialized using 'CodeIgniter\Session\Handlers\FileHandler' driver.
INFO - 2023-08-30 03:17:02 --> Session: Class initialized using 'CodeIgniter\Session\Handlers\FileHandler' driver.
INFO - 2023-08-30 03:17:02 --> Session: Class initialized using 'CodeIgniter\Session\Handlers\FileHandler' driver.
INFO - 2023-08-30 03:17:11 --> Session: Class initialized using 'CodeIgniter\Session\Handlers\FileHandler' driver.
INFO - 2023-08-30 03:17:11 --> Session: Class initialized using 'CodeIgniter\Session\Handlers\FileHandler' driver.
INFO - 2023-08-30 03:17:14 --> Session: Class initialized using 'CodeIgniter\Session\Handlers\FileHandler' driver.
INFO - 2023-08-30 03:17:14 --> Session: Class initialized using 'CodeIgniter\Session\Handlers\FileHandler' driver.
INFO - 2023-08-30 03:17:17 --> Session: Class initialized using 'CodeIgniter\Session\Handlers\FileHandler' driver.
INFO - 2023-08-30 03:17:32 --> Session: Class initialized using 'CodeIgniter\Session\Handlers\FileHandler' driver.
INFO - 2023-08-30 03:17:33 --> Session: Class initialized using 'CodeIgniter\Session\Handlers\FileHandler' driver.
INFO - 2023-08-30 03:17:35 --> Session: Class initialized using 'CodeIgniter\Session\Handlers\FileHandler' driver.
INFO - 2023-08-30 03:17:54 --> Session: Class initialized using 'CodeIgniter\Session\Handlers\FileHandler' driver.
INFO - 2023-08-30 03:17:54 --> Session: Class initialized using 'CodeIgniter\Session\Handlers\FileHandler' driver.
INFO - 2023-08-30 03:17:56 --> Session: Class initialized using 'CodeIgniter\Session\Handlers\FileHandler' driver.
INFO - 2023-08-30 03:17:57 --> Session: Class initialized using 'CodeIgniter\Session\Handlers\FileHandler' driver.
INFO - 2023-08-30 03:18:01 --> Session: Class initialized using 'CodeIgniter\Session\Handlers\FileHandler' driver.
INFO - 2023-08-30 03:18:07 --> Session: Class initialized using 'CodeIgniter\Session\Handlers\FileHandler' driver.
INFO - 2023-08-30 03:19:11 --> Session: Class initialized using 'CodeIgniter\Session\Handlers\FileHandler' driver.
INFO - 2023-08-30 03:19:11 --> Session: Class initialized using 'CodeIgniter\Session\Handlers\FileHandler' driver.
INFO - 2023-08-30 03:19:15 --> Session: Class initialized using 'CodeIgniter\Session\Handlers\FileHandler' driver.
INFO - 2023-08-30 03:19:15 --> Session: Class initialized using 'CodeIgniter\Session\Handlers\FileHandler' driver.
INFO - 2023-08-30 03:19:24 --> Session: Class initialized using 'CodeIgniter\Session\Handlers\FileHandler' driver.
INFO - 2023-08-30 03:19:40 --> Session: Class initialized using 'CodeIgniter\Session\Handlers\FileHandler' driver.
INFO - 2023-08-30 03:19:42 --> Session: Class initialized using 'CodeIgniter\Session\Handlers\FileHandler' driver.
INFO - 2023-08-30 03:19:44 --> Session: Class initialized using 'CodeIgniter\Session\Handlers\FileHandler' driver.
INFO - 2023-08-30 03:19:50 --> Session: Class initialized using 'CodeIgniter\Session\Handlers\FileHandler' driver.
INFO - 2023-08-30 03:20:02 --> Session: Class initialized using 'CodeIgniter\Session\Handlers\FileHandler' driver.
INFO - 2023-08-30 03:20:03 --> Session: Class initialized using 'CodeIgniter\Session\Handlers\FileHandler' driver.
INFO - 2023-08-30 03:20:06 --> Session: Class initialized using 'CodeIgniter\Session\Handlers\FileHandler' driver.
INFO - 2023-08-30 03:22:11 --> Session: Class initialized using 'CodeIgniter\Session\Handlers\FileHandler' driver.
INFO - 2023-08-30 06:43:58 --> Session: Class initialized using 'CodeIgniter\Session\Handlers\FileHandler' driver.
INFO - 2023-08-30 06:44:03 --> Session: Class initialized using 'CodeIgniter\Session\Handlers\FileHandler' driver.
INFO - 2023-08-30 06:44:05 --> Session: Class initialized using 'CodeIgniter\Session\Handlers\FileHandler' driver.
INFO - 2023-08-30 06:44:06 --> Session: Class initialized using 'CodeIgniter\Session\Handlers\FileHandler' driver.
INFO - 2023-08-30 06:44:09 --> Session: Class initialized using 'CodeIgniter\Session\Handlers\FileHandler' driver.
INFO - 2023-08-30 06:44:10 --> Session: Class initialized using 'CodeIgniter\Session\Handlers\FileHandler' driver.
INFO - 2023-08-30 06:44:49 --> Session: Class initialized using 'CodeIgniter\Session\Handlers\FileHandler' driver.
INFO - 2023-08-30 07:01:49 --> Session: Class initialized using 'CodeIgniter\Session\Handlers\FileHandler' driver.
INFO - 2023-08-30 07:01:53 --> Session: Class initialized using 'CodeIgniter\Session\Handlers\FileHandler' driver.
INFO - 2023-08-30 07:01:53 --> Session: Class initialized using 'CodeIgniter\Session\Handlers\FileHandler' driver.
INFO - 2023-08-30 07:01:54 --> Session: Class initialized using 'CodeIgniter\Session\Handlers\FileHandler' driver.
INFO - 2023-08-30 07:01:54 --> Session: Class initialized using 'CodeIgniter\Session\Handlers\FileHandler' driver.
INFO - 2023-08-30 07:01:57 --> Session: Class initialized using 'CodeIgniter\Session\Handlers\FileHandler' driver.
INFO - 2023-08-30 07:02:00 --> Session: Class initialized using 'CodeIgniter\Session\Handlers\FileHandler' driver.
INFO - 2023-08-30 07:02:01 --> Session: Class initialized using 'CodeIgniter\Session\Handlers\FileHandler' driver.
INFO - 2023-08-30 07:02:03 --> Session: Class initialized using 'CodeIgniter\Session\Handlers\FileHandler' driver.
INFO - 2023-08-30 07:02:06 --> Session: Class initialized using 'CodeIgniter\Session\Handlers\FileHandler' driver.
INFO - 2023-08-30 07:02:07 --> Session: Class initialized using 'CodeIgniter\Session\Handlers\FileHandler' driver.
INFO - 2023-08-30 07:02:08 --> Session: Class initialized using 'CodeIgniter\Session\Handlers\FileHandler' driver.
INFO - 2023-08-30 07:02:11 --> Session: Class initialized using 'CodeIgniter\Session\Handlers\FileHandler' driver.
INFO - 2023-08-30 07:02:11 --> Session: Class initialized using 'CodeIgniter\Session\Handlers\FileHandler' driver.
INFO - 2023-08-30 07:42:06 --> Session: Class initialized using 'CodeIgniter\Session\Handlers\FileHandler' driver.
INFO - 2023-08-30 07:42:10 --> Session: Class initialized using 'CodeIgniter\Session\Handlers\FileHandler' driver.
INFO - 2023-08-30 07:42:12 --> Session: Class initialized using 'CodeIgniter\Session\Handlers\FileHandler' driver.
INFO - 2023-08-30 07:42:14 --> Session: Class initialized using 'CodeIgniter\Session\Handlers\FileHandler' driver.
INFO - 2023-08-30 07:42:28 --> Session: Class initialized using 'CodeIgniter\Session\Handlers\FileHandler' driver.
ERROR - 2023-08-30 07:42:28 --> mysqli_sql_exception: Cannot add or update a child row: a foreign key constraint fails (`ci4_tasdiq`.`tbl_nilai`, CONSTRAINT `nilai_dt_pribadi` FOREIGN KEY (`id_dt_pribadi`) REFERENCES `tbl_dt_pribadi` (`id`) ON UPDATE CASCADE) in C:\Users\riyan\Documents\My\ci4\tasdiqskripsi\system\Database\MySQLi\Connection.php:295
Stack trace:
#0 C:\Users\riyan\Documents\My\ci4\tasdiqskripsi\system\Database\MySQLi\Connection.php(295): mysqli->query('INSERT INTO `tb...', 0)
#1 C:\Users\riyan\Documents\My\ci4\tasdiqskripsi\system\Database\BaseConnection.php(692): CodeIgniter\Database\MySQLi\Connection->execute('INSERT INTO `tb...')
#2 C:\Users\riyan\Documents\My\ci4\tasdiqskripsi\system\Database\BaseConnection.php(606): CodeIgniter\Database\BaseConnection->simpleQuery('INSERT INTO `tb...')
#3 C:\Users\riyan\Documents\My\ci4\tasdiqskripsi\system\Database\BaseBuilder.php(2309): CodeIgniter\Database\BaseConnection->query('INSERT INTO `tb...', Array, false)
#4 C:\Users\riyan\Documents\My\ci4\tasdiqskripsi\app\Models\NilaiModel.php(18): CodeIgniter\Database\BaseBuilder->insert(Array)
#5 C:\Users\riyan\Documents\My\ci4\tasdiqskripsi\app\Controllers\Admin\Pendaftar.php(248): App\Models\NilaiModel->simpan(Array)
#6 C:\Users\riyan\Documents\My\ci4\tasdiqskripsi\system\CodeIgniter.php(934): App\Controllers\Admin\Pendaftar->ubahdatanilai2()
#7 C:\Users\riyan\Documents\My\ci4\tasdiqskripsi\system\CodeIgniter.php(499): CodeIgniter\CodeIgniter->runController(Object(App\Controllers\Admin\Pendaftar))
#8 C:\Users\riyan\Documents\My\ci4\tasdiqskripsi\system\CodeIgniter.php(368): CodeIgniter\CodeIgniter->handleRequest(NULL, Object(Config\Cache), false)
#9 C:\Users\riyan\Documents\My\ci4\tasdiqskripsi\public\index.php(68): CodeIgniter\CodeIgniter->run()
#10 C:\Users\riyan\Documents\My\ci4\tasdiqskripsi\system\Commands\Server\rewrite.php(47): require_once('C:\\Users\\riyan\\...')
#11 {main}
CRITICAL - 2023-08-30 07:42:28 --> Cannot add or update a child row: a foreign key constraint fails (`ci4_tasdiq`.`tbl_nilai`, CONSTRAINT `nilai_dt_pribadi` FOREIGN KEY (`id_dt_pribadi`) REFERENCES `tbl_dt_pribadi` (`id`) ON UPDATE CASCADE)
in SYSTEMPATH\Database\MySQLi\Connection.php on line 295.
 1 SYSTEMPATH\Database\MySQLi\Connection.php(295): mysqli->query('INSERT INTO `tbl_nilai` (`nilai_pa`, `nilai_ps`, `nilai_wawancara`, `id_dt_pribadi`) VALUES (\'99\', \'99\', \'99\', \'\')', 0)
 2 SYSTEMPATH\Database\BaseConnection.php(692): CodeIgniter\Database\MySQLi\Connection->execute('INSERT INTO `tbl_nilai` (`nilai_pa`, `nilai_ps`, `nilai_wawancara`, `id_dt_pribadi`) VALUES (\'99\', \'99\', \'99\', \'\')')
 3 SYSTEMPATH\Database\BaseConnection.php(606): CodeIgniter\Database\BaseConnection->simpleQuery('INSERT INTO `tbl_nilai` (`nilai_pa`, `nilai_ps`, `nilai_wawancara`, `id_dt_pribadi`) VALUES (\'99\', \'99\', \'99\', \'\')')
 4 SYSTEMPATH\Database\BaseBuilder.php(2309): CodeIgniter\Database\BaseConnection->query('INSERT INTO `tbl_nilai` (`nilai_pa`, `nilai_ps`, `nilai_wawancara`, `id_dt_pribadi`) VALUES (:nilai_pa:, :nilai_ps:, :nilai_wawancara:, :id_dt_pribadi:)', [...], false)
 5 APPPATH\Models\NilaiModel.php(18): CodeIgniter\Database\BaseBuilder->insert([...])
 6 APPPATH\Controllers\Admin\Pendaftar.php(248): App\Models\NilaiModel->simpan([...])
 7 SYSTEMPATH\CodeIgniter.php(934): App\Controllers\Admin\Pendaftar->ubahdatanilai2()
 8 SYSTEMPATH\CodeIgniter.php(499): CodeIgniter\CodeIgniter->runController(Object(App\Controllers\Admin\Pendaftar))
 9 SYSTEMPATH\CodeIgniter.php(368): CodeIgniter\CodeIgniter->handleRequest(null, Object(Config\Cache), false)
10 FCPATH\index.php(68): CodeIgniter\CodeIgniter->run()
11 SYSTEMPATH\Commands\Server\rewrite.php(47): require_once('C:\\Users\\riyan\\Documents\\My\\ci4\\tasdiqskripsi\\public\\index.php')
INFO - 2023-08-30 07:42:49 --> Session: Class initialized using 'CodeIgniter\Session\Handlers\FileHandler' driver.
ERROR - 2023-08-30 07:42:49 --> mysqli_sql_exception: Cannot add or update a child row: a foreign key constraint fails (`ci4_tasdiq`.`tbl_nilai`, CONSTRAINT `nilai_dt_pribadi` FOREIGN KEY (`id_dt_pribadi`) REFERENCES `tbl_dt_pribadi` (`id`) ON UPDATE CASCADE) in C:\Users\riyan\Documents\My\ci4\tasdiqskripsi\system\Database\MySQLi\Connection.php:295
Stack trace:
#0 C:\Users\riyan\Documents\My\ci4\tasdiqskripsi\system\Database\MySQLi\Connection.php(295): mysqli->query('INSERT INTO `tb...', 0)
#1 C:\Users\riyan\Documents\My\ci4\tasdiqskripsi\system\Database\BaseConnection.php(692): CodeIgniter\Database\MySQLi\Connection->execute('INSERT INTO `tb...')
#2 C:\Users\riyan\Documents\My\ci4\tasdiqskripsi\system\Database\BaseConnection.php(606): CodeIgniter\Database\BaseConnection->simpleQuery('INSERT INTO `tb...')
#3 C:\Users\riyan\Documents\My\ci4\tasdiqskripsi\system\Database\BaseBuilder.php(2309): CodeIgniter\Database\BaseConnection->query('INSERT INTO `tb...', Array, false)
#4 C:\Users\riyan\Documents\My\ci4\tasdiqskripsi\app\Models\NilaiModel.php(18): CodeIgniter\Database\BaseBuilder->insert(Array)
#5 C:\Users\riyan\Documents\My\ci4\tasdiqskripsi\app\Controllers\Admin\Pendaftar.php(248): App\Models\NilaiModel->simpan(Array)
#6 C:\Users\riyan\Documents\My\ci4\tasdiqskripsi\system\CodeIgniter.php(934): App\Controllers\Admin\Pendaftar->ubahdatanilai2()
#7 C:\Users\riyan\Documents\My\ci4\tasdiqskripsi\system\CodeIgniter.php(499): CodeIgniter\CodeIgniter->runController(Object(App\Controllers\Admin\Pendaftar))
#8 C:\Users\riyan\Documents\My\ci4\tasdiqskripsi\system\CodeIgniter.php(368): CodeIgniter\CodeIgniter->handleRequest(NULL, Object(Config\Cache), false)
#9 C:\Users\riyan\Documents\My\ci4\tasdiqskripsi\public\index.php(68): CodeIgniter\CodeIgniter->run()
#10 C:\Users\riyan\Documents\My\ci4\tasdiqskripsi\system\Commands\Server\rewrite.php(47): require_once('C:\\Users\\riyan\\...')
#11 {main}
CRITICAL - 2023-08-30 07:42:49 --> Cannot add or update a child row: a foreign key constraint fails (`ci4_tasdiq`.`tbl_nilai`, CONSTRAINT `nilai_dt_pribadi` FOREIGN KEY (`id_dt_pribadi`) REFERENCES `tbl_dt_pribadi` (`id`) ON UPDATE CASCADE)
in SYSTEMPATH\Database\MySQLi\Connection.php on line 295.
 1 SYSTEMPATH\Database\MySQLi\Connection.php(295): mysqli->query('INSERT INTO `tbl_nilai` (`nilai_pa`, `nilai_ps`, `nilai_wawancara`, `id_dt_pribadi`) VALUES (\'99\', \'99\', \'99\', \'\')', 0)
 2 SYSTEMPATH\Database\BaseConnection.php(692): CodeIgniter\Database\MySQLi\Connection->execute('INSERT INTO `tbl_nilai` (`nilai_pa`, `nilai_ps`, `nilai_wawancara`, `id_dt_pribadi`) VALUES (\'99\', \'99\', \'99\', \'\')')
 3 SYSTEMPATH\Database\BaseConnection.php(606): CodeIgniter\Database\BaseConnection->simpleQuery('INSERT INTO `tbl_nilai` (`nilai_pa`, `nilai_ps`, `nilai_wawancara`, `id_dt_pribadi`) VALUES (\'99\', \'99\', \'99\', \'\')')
 4 SYSTEMPATH\Database\BaseBuilder.php(2309): CodeIgniter\Database\BaseConnection->query('INSERT INTO `tbl_nilai` (`nilai_pa`, `nilai_ps`, `nilai_wawancara`, `id_dt_pribadi`) VALUES (:nilai_pa:, :nilai_ps:, :nilai_wawancara:, :id_dt_pribadi:)', [...], false)
 5 APPPATH\Models\NilaiModel.php(18): CodeIgniter\Database\BaseBuilder->insert([...])
 6 APPPATH\Controllers\Admin\Pendaftar.php(248): App\Models\NilaiModel->simpan([...])
 7 SYSTEMPATH\CodeIgniter.php(934): App\Controllers\Admin\Pendaftar->ubahdatanilai2()
 8 SYSTEMPATH\CodeIgniter.php(499): CodeIgniter\CodeIgniter->runController(Object(App\Controllers\Admin\Pendaftar))
 9 SYSTEMPATH\CodeIgniter.php(368): CodeIgniter\CodeIgniter->handleRequest(null, Object(Config\Cache), false)
10 FCPATH\index.php(68): CodeIgniter\CodeIgniter->run()
11 SYSTEMPATH\Commands\Server\rewrite.php(47): require_once('C:\\Users\\riyan\\Documents\\My\\ci4\\tasdiqskripsi\\public\\index.php')
INFO - 2023-08-30 07:47:11 --> Session: Class initialized using 'CodeIgniter\Session\Handlers\FileHandler' driver.
INFO - 2023-08-30 07:48:20 --> Session: Class initialized using 'CodeIgniter\Session\Handlers\FileHandler' driver.
INFO - 2023-08-30 07:48:31 --> Session: Class initialized using 'CodeIgniter\Session\Handlers\FileHandler' driver.
INFO - 2023-08-30 07:50:09 --> Session: Class initialized using 'CodeIgniter\Session\Handlers\FileHandler' driver.
INFO - 2023-08-30 07:50:17 --> Session: Class initialized using 'CodeIgniter\Session\Handlers\FileHandler' driver.
CRITICAL - 2023-08-30 07:50:17 --> Argument 1 passed to App\Models\NilaiModel::isSudahAda() must be of the type string, null given, called in C:\Users\riyan\Documents\My\ci4\tasdiqskripsi\app\Controllers\Admin\Pendaftar.php on line 241
in APPPATH\Models\NilaiModel.php on line 37.
 1 APPPATH\Controllers\Admin\Pendaftar.php(241): App\Models\NilaiModel->isSudahAda(null)
 2 SYSTEMPATH\CodeIgniter.php(934): App\Controllers\Admin\Pendaftar->ubahdatanilai2()
 3 SYSTEMPATH\CodeIgniter.php(499): CodeIgniter\CodeIgniter->runController(Object(App\Controllers\Admin\Pendaftar))
 4 SYSTEMPATH\CodeIgniter.php(368): CodeIgniter\CodeIgniter->handleRequest(null, Object(Config\Cache), false)
 5 FCPATH\index.php(68): CodeIgniter\CodeIgniter->run()
 6 SYSTEMPATH\Commands\Server\rewrite.php(47): require_once('C:\\Users\\riyan\\Documents\\My\\ci4\\tasdiqskripsi\\public\\index.php')
INFO - 2023-08-30 07:50:19 --> Session: Class initialized using 'CodeIgniter\Session\Handlers\FileHandler' driver.
INFO - 2023-08-30 07:50:24 --> Session: Class initialized using 'CodeIgniter\Session\Handlers\FileHandler' driver.
INFO - 2023-08-30 07:50:28 --> Session: Class initialized using 'CodeIgniter\Session\Handlers\FileHandler' driver.
INFO - 2023-08-30 07:51:54 --> Session: Class initialized using 'CodeIgniter\Session\Handlers\FileHandler' driver.
INFO - 2023-08-30 07:51:57 --> Session: Class initialized using 'CodeIgniter\Session\Handlers\FileHandler' driver.
INFO - 2023-08-30 07:52:00 --> Session: Class initialized using 'CodeIgniter\Session\Handlers\FileHandler' driver.
INFO - 2023-08-30 07:52:03 --> Session: Class initialized using 'CodeIgniter\Session\Handlers\FileHandler' driver.
INFO - 2023-08-30 07:52:03 --> Session: Class initialized using 'CodeIgniter\Session\Handlers\FileHandler' driver.
INFO - 2023-08-30 07:52:06 --> Session: Class initialized using 'CodeIgniter\Session\Handlers\FileHandler' driver.
INFO - 2023-08-30 07:52:18 --> Session: Class initialized using 'CodeIgniter\Session\Handlers\FileHandler' driver.
INFO - 2023-08-30 07:52:22 --> Session: Class initialized using 'CodeIgniter\Session\Handlers\FileHandler' driver.
INFO - 2023-08-30 07:52:29 --> Session: Class initialized using 'CodeIgniter\Session\Handlers\FileHandler' driver.
INFO - 2023-08-30 07:52:30 --> Session: Class initialized using 'CodeIgniter\Session\Handlers\FileHandler' driver.
