ERROR - 2023-08-27 03:59:52 --> Error connecting to the database: mysqli_sql_exception: No connection could be made because the target machine actively refused it.
 in C:\Users\Riyan Risky\My\ci4\tasdiq\system\Database\MySQLi\Connection.php:174
Stack trace:
#0 C:\Users\Riyan Risky\My\ci4\tasdiq\system\Database\MySQLi\Connection.php(174): mysqli->real_connect('localhost', 'root', '', 'ci4', 3306, '', 0)
#1 C:\Users\Riyan Risky\My\ci4\tasdiq\system\Database\BaseConnection.php(391): CodeIgniter\Database\MySQLi\Connection->connect(false)
#2 C:\Users\Riyan Risky\My\ci4\tasdiq\system\Database\BaseConnection.php(574): CodeIgniter\Database\BaseConnection->initialize()
#3 C:\Users\Riyan Risky\My\ci4\tasdiq\system\Database\BaseBuilder.php(1616): CodeIgniter\Database\BaseConnection->query('SELECT *\nFROM `...', Array, false)
#4 C:\Users\Riyan Risky\My\ci4\tasdiq\app\Models\AngkatanModel.php(38): CodeIgniter\Database\BaseBuilder->get()
#5 C:\Users\Riyan Risky\My\ci4\tasdiq\app\Controllers\BaseController.php(100): App\Models\AngkatanModel->isActive()
#6 C:\Users\Riyan Risky\My\ci4\tasdiq\system\CodeIgniter.php(907): App\Controllers\BaseController->initController(Object(CodeIgniter\HTTP\IncomingRequest), Object(CodeIgniter\HTTP\Response), Object(CodeIgniter\Log\Logger))
#7 C:\Users\Riyan Risky\My\ci4\tasdiq\system\CodeIgniter.php(490): CodeIgniter\CodeIgniter->createController()
#8 C:\Users\Riyan Risky\My\ci4\tasdiq\system\CodeIgniter.php(368): CodeIgniter\CodeIgniter->handleRequest(NULL, Object(Config\Cache), false)
#9 C:\Users\Riyan Risky\My\ci4\tasdiq\public\index.php(68): CodeIgniter\CodeIgniter->run()
#10 C:\Users\Riyan Risky\My\ci4\tasdiq\system\Commands\Server\rewrite.php(47): require_once('C:\\Users\\Riyan ...')
#11 {main}

Next CodeIgniter\Database\Exceptions\DatabaseException: No connection could be made because the target machine actively refused it.
 in C:\Users\Riyan Risky\My\ci4\tasdiq\system\Database\MySQLi\Connection.php:218
Stack trace:
#0 C:\Users\Riyan Risky\My\ci4\tasdiq\system\Database\BaseConnection.php(391): CodeIgniter\Database\MySQLi\Connection->connect(false)
#1 C:\Users\Riyan Risky\My\ci4\tasdiq\system\Database\BaseConnection.php(574): CodeIgniter\Database\BaseConnection->initialize()
#2 C:\Users\Riyan Risky\My\ci4\tasdiq\system\Database\BaseBuilder.php(1616): CodeIgniter\Database\BaseConnection->query('SELECT *\nFROM `...', Array, false)
#3 C:\Users\Riyan Risky\My\ci4\tasdiq\app\Models\AngkatanModel.php(38): CodeIgniter\Database\BaseBuilder->get()
#4 C:\Users\Riyan Risky\My\ci4\tasdiq\app\Controllers\BaseController.php(100): App\Models\AngkatanModel->isActive()
#5 C:\Users\Riyan Risky\My\ci4\tasdiq\system\CodeIgniter.php(907): App\Controllers\BaseController->initController(Object(CodeIgniter\HTTP\IncomingRequest), Object(CodeIgniter\HTTP\Response), Object(CodeIgniter\Log\Logger))
#6 C:\Users\Riyan Risky\My\ci4\tasdiq\system\CodeIgniter.php(490): CodeIgniter\CodeIgniter->createController()
#7 C:\Users\Riyan Risky\My\ci4\tasdiq\system\CodeIgniter.php(368): CodeIgniter\CodeIgniter->handleRequest(NULL, Object(Config\Cache), false)
#8 C:\Users\Riyan Risky\My\ci4\tasdiq\public\index.php(68): CodeIgniter\CodeIgniter->run()
#9 C:\Users\Riyan Risky\My\ci4\tasdiq\system\Commands\Server\rewrite.php(47): require_once('C:\\Users\\Riyan ...')
#10 {main}
CRITICAL - 2023-08-27 03:59:52 --> Unable to connect to the database.
Main connection [MySQLi]: No connection could be made because the target machine actively refused it.

in SYSTEMPATH\Database\BaseConnection.php on line 427.
 1 SYSTEMPATH\Database\BaseConnection.php(574): CodeIgniter\Database\BaseConnection->initialize()
 2 SYSTEMPATH\Database\BaseBuilder.php(1616): CodeIgniter\Database\BaseConnection->query('SELECT *
FROM `tbl_angkatan`
WHERE `status` = :status:
AND `isDelete` IS NULL
ORDER BY `tahun` DESC
 LIMIT 1', [...], false)
 3 APPPATH\Models\AngkatanModel.php(38): CodeIgniter\Database\BaseBuilder->get()
 4 APPPATH\Controllers\BaseController.php(100): App\Models\AngkatanModel->isActive()
 5 SYSTEMPATH\CodeIgniter.php(907): App\Controllers\BaseController->initController(Object(CodeIgniter\HTTP\IncomingRequest), Object(CodeIgniter\HTTP\Response), Object(CodeIgniter\Log\Logger))
 6 SYSTEMPATH\CodeIgniter.php(490): CodeIgniter\CodeIgniter->createController()
 7 SYSTEMPATH\CodeIgniter.php(368): CodeIgniter\CodeIgniter->handleRequest(null, Object(Config\Cache), false)
 8 FCPATH\index.php(68): CodeIgniter\CodeIgniter->run()
 9 SYSTEMPATH\Commands\Server\rewrite.php(47): require_once('C:\\Users\\Riyan Risky\\My\\ci4\\tasdiq\\public\\index.php')
CRITICAL - 2023-08-27 05:14:28 --> There is no data to update.
in SYSTEMPATH\BaseModel.php on line 924.
 1 SYSTEMPATH\BaseModel.php(924): CodeIgniter\Database\Exceptions\DataException::forEmptyDataset('update')
 2 SYSTEMPATH\Model.php(756): CodeIgniter\BaseModel->update([...], [])
 3 APPPATH\Controllers\Admin\Pendaftar.php(446): CodeIgniter\Model->update([...], [...])
 4 SYSTEMPATH\CodeIgniter.php(934): App\Controllers\Admin\Pendaftar->updstatusnilai('status_un_mat', 'verifikasi', '1')
 5 SYSTEMPATH\CodeIgniter.php(499): CodeIgniter\CodeIgniter->runController(Object(App\Controllers\Admin\Pendaftar))
 6 SYSTEMPATH\CodeIgniter.php(368): CodeIgniter\CodeIgniter->handleRequest(null, Object(Config\Cache), false)
 7 FCPATH\index.php(68): CodeIgniter\CodeIgniter->run()
 8 SYSTEMPATH\Commands\Server\rewrite.php(47): require_once('C:\\Users\\Riyan Risky\\My\\ci4\\tasdiq\\public\\index.php')
INFO - 2023-08-27 05:14:39 --> Session: Class initialized using 'CodeIgniter\Session\Handlers\FileHandler' driver.
CRITICAL - 2023-08-27 05:14:39 --> There is no data to update.
in SYSTEMPATH\BaseModel.php on line 924.
 1 SYSTEMPATH\BaseModel.php(924): CodeIgniter\Database\Exceptions\DataException::forEmptyDataset('update')
 2 SYSTEMPATH\Model.php(756): CodeIgniter\BaseModel->update([...], [])
 3 APPPATH\Controllers\Admin\Pendaftar.php(446): CodeIgniter\Model->update([...], [...])
 4 SYSTEMPATH\CodeIgniter.php(934): App\Controllers\Admin\Pendaftar->updstatusnilai('status_un_mat', 'verifikasi', '1')
 5 SYSTEMPATH\CodeIgniter.php(499): CodeIgniter\CodeIgniter->runController(Object(App\Controllers\Admin\Pendaftar))
 6 SYSTEMPATH\CodeIgniter.php(368): CodeIgniter\CodeIgniter->handleRequest(null, Object(Config\Cache), false)
 7 FCPATH\index.php(68): CodeIgniter\CodeIgniter->run()
 8 SYSTEMPATH\Commands\Server\rewrite.php(47): require_once('C:\\Users\\Riyan Risky\\My\\ci4\\tasdiq\\public\\index.php')
INFO - 2023-08-27 05:15:29 --> Session: Class initialized using 'CodeIgniter\Session\Handlers\FileHandler' driver.
INFO - 2023-08-27 05:15:29 --> Session: Class initialized using 'CodeIgniter\Session\Handlers\FileHandler' driver.
INFO - 2023-08-27 05:17:27 --> Session: Class initialized using 'CodeIgniter\Session\Handlers\FileHandler' driver.
CRITICAL - 2023-08-27 05:17:27 --> Cannot use object of type stdClass as array
in APPPATH\Controllers\Admin\Pendaftar.php on line 442.
 1 SYSTEMPATH\CodeIgniter.php(934): App\Controllers\Admin\Pendaftar->updstatusnilai('status_un_bi', 'tolak', '1')
 2 SYSTEMPATH\CodeIgniter.php(499): CodeIgniter\CodeIgniter->runController(Object(App\Controllers\Admin\Pendaftar))
 3 SYSTEMPATH\CodeIgniter.php(368): CodeIgniter\CodeIgniter->handleRequest(null, Object(Config\Cache), false)
 4 FCPATH\index.php(68): CodeIgniter\CodeIgniter->run()
 5 SYSTEMPATH\Commands\Server\rewrite.php(47): require_once('C:\\Users\\Riyan Risky\\My\\ci4\\tasdiq\\public\\index.php')
INFO - 2023-08-27 05:17:34 --> Session: Class initialized using 'CodeIgniter\Session\Handlers\FileHandler' driver.
INFO - 2023-08-27 05:18:03 --> Session: Class initialized using 'CodeIgniter\Session\Handlers\FileHandler' driver.
INFO - 2023-08-27 05:18:12 --> Session: Class initialized using 'CodeIgniter\Session\Handlers\FileHandler' driver.
CRITICAL - 2023-08-27 05:18:12 --> Cannot use object of type stdClass as array
in APPPATH\Controllers\Admin\Pendaftar.php on line 442.
 1 SYSTEMPATH\CodeIgniter.php(934): App\Controllers\Admin\Pendaftar->updstatusnilai('status_un_mat', 'terverifikasi', '1')
 2 SYSTEMPATH\CodeIgniter.php(499): CodeIgniter\CodeIgniter->runController(Object(App\Controllers\Admin\Pendaftar))
 3 SYSTEMPATH\CodeIgniter.php(368): CodeIgniter\CodeIgniter->handleRequest(null, Object(Config\Cache), false)
 4 FCPATH\index.php(68): CodeIgniter\CodeIgniter->run()
 5 SYSTEMPATH\Commands\Server\rewrite.php(47): require_once('C:\\Users\\Riyan Risky\\My\\ci4\\tasdiq\\public\\index.php')
INFO - 2023-08-27 05:18:37 --> Session: Class initialized using 'CodeIgniter\Session\Handlers\FileHandler' driver.
INFO - 2023-08-27 05:18:54 --> Session: Class initialized using 'CodeIgniter\Session\Handlers\FileHandler' driver.
INFO - 2023-08-27 05:19:07 --> Session: Class initialized using 'CodeIgniter\Session\Handlers\FileHandler' driver.
INFO - 2023-08-27 05:19:15 --> Session: Class initialized using 'CodeIgniter\Session\Handlers\FileHandler' driver.
INFO - 2023-08-27 05:19:15 --> Session: Class initialized using 'CodeIgniter\Session\Handlers\FileHandler' driver.
INFO - 2023-08-27 05:19:19 --> Session: Class initialized using 'CodeIgniter\Session\Handlers\FileHandler' driver.
INFO - 2023-08-27 05:19:19 --> Session: Class initialized using 'CodeIgniter\Session\Handlers\FileHandler' driver.
INFO - 2023-08-27 05:19:22 --> Session: Class initialized using 'CodeIgniter\Session\Handlers\FileHandler' driver.
INFO - 2023-08-27 05:19:22 --> Session: Class initialized using 'CodeIgniter\Session\Handlers\FileHandler' driver.
INFO - 2023-08-27 05:20:58 --> Session: Class initialized using 'CodeIgniter\Session\Handlers\FileHandler' driver.
CRITICAL - 2023-08-27 05:20:58 --> Object of class stdClass could not be converted to string
in APPPATH\Views\admin\pendaftar\detail.php on line 125.
 1 SYSTEMPATH\View\View.php(213): include()
 2 SYSTEMPATH\View\View.php(216): CodeIgniter\View\View->CodeIgniter\View\{closure}()
 3 SYSTEMPATH\Common.php(1184): CodeIgniter\View\View->render('admin/pendaftar/detail', [], true)
 4 APPPATH\Controllers\Admin\Pendaftar.php(44): view('admin/pendaftar/detail', [...])
 5 SYSTEMPATH\CodeIgniter.php(934): App\Controllers\Admin\Pendaftar->detail('1')
 6 SYSTEMPATH\CodeIgniter.php(499): CodeIgniter\CodeIgniter->runController(Object(App\Controllers\Admin\Pendaftar))
 7 SYSTEMPATH\CodeIgniter.php(368): CodeIgniter\CodeIgniter->handleRequest(null, Object(Config\Cache), false)
 8 FCPATH\index.php(68): CodeIgniter\CodeIgniter->run()
 9 SYSTEMPATH\Commands\Server\rewrite.php(47): require_once('C:\\Users\\Riyan Risky\\My\\ci4\\tasdiq\\public\\index.php')
INFO - 2023-08-27 05:21:39 --> Session: Class initialized using 'CodeIgniter\Session\Handlers\FileHandler' driver.
INFO - 2023-08-27 05:21:42 --> Session: Class initialized using 'CodeIgniter\Session\Handlers\FileHandler' driver.
INFO - 2023-08-27 05:24:22 --> Session: Class initialized using 'CodeIgniter\Session\Handlers\FileHandler' driver.
INFO - 2023-08-27 05:24:32 --> Session: Class initialized using 'CodeIgniter\Session\Handlers\FileHandler' driver.
CRITICAL - 2023-08-27 05:24:32 --> Object of class stdClass could not be converted to string
in APPPATH\Views\admin\pendaftar\detail.php on line 125.
 1 SYSTEMPATH\View\View.php(213): include()
 2 SYSTEMPATH\View\View.php(216): CodeIgniter\View\View->CodeIgniter\View\{closure}()
 3 SYSTEMPATH\Common.php(1184): CodeIgniter\View\View->render('admin/pendaftar/detail', [], true)
 4 APPPATH\Controllers\Admin\Pendaftar.php(44): view('admin/pendaftar/detail', [...])
 5 SYSTEMPATH\CodeIgniter.php(934): App\Controllers\Admin\Pendaftar->detail('1')
 6 SYSTEMPATH\CodeIgniter.php(499): CodeIgniter\CodeIgniter->runController(Object(App\Controllers\Admin\Pendaftar))
 7 SYSTEMPATH\CodeIgniter.php(368): CodeIgniter\CodeIgniter->handleRequest(null, Object(Config\Cache), false)
 8 FCPATH\index.php(68): CodeIgniter\CodeIgniter->run()
 9 SYSTEMPATH\Commands\Server\rewrite.php(47): require_once('C:\\Users\\Riyan Risky\\My\\ci4\\tasdiq\\public\\index.php')
INFO - 2023-08-27 05:24:39 --> Session: Class initialized using 'CodeIgniter\Session\Handlers\FileHandler' driver.
CRITICAL - 2023-08-27 05:24:39 --> Object of class stdClass could not be converted to string
in APPPATH\Views\admin\pendaftar\detail.php on line 125.
 1 SYSTEMPATH\View\View.php(213): include()
 2 SYSTEMPATH\View\View.php(216): CodeIgniter\View\View->CodeIgniter\View\{closure}()
 3 SYSTEMPATH\Common.php(1184): CodeIgniter\View\View->render('admin/pendaftar/detail', [], true)
 4 APPPATH\Controllers\Admin\Pendaftar.php(44): view('admin/pendaftar/detail', [...])
 5 SYSTEMPATH\CodeIgniter.php(934): App\Controllers\Admin\Pendaftar->detail('1')
 6 SYSTEMPATH\CodeIgniter.php(499): CodeIgniter\CodeIgniter->runController(Object(App\Controllers\Admin\Pendaftar))
 7 SYSTEMPATH\CodeIgniter.php(368): CodeIgniter\CodeIgniter->handleRequest(null, Object(Config\Cache), false)
 8 FCPATH\index.php(68): CodeIgniter\CodeIgniter->run()
 9 SYSTEMPATH\Commands\Server\rewrite.php(47): require_once('C:\\Users\\Riyan Risky\\My\\ci4\\tasdiq\\public\\index.php')
INFO - 2023-08-27 05:26:27 --> Session: Class initialized using 'CodeIgniter\Session\Handlers\FileHandler' driver.
CRITICAL - 2023-08-27 05:26:27 --> Undefined property: stdClass::$status_un_ipa
in APPPATH\Views\admin\pendaftar\detail.php on line 125.
 1 APPPATH\Views\admin\pendaftar\detail.php(125): CodeIgniter\Debug\Exceptions->errorHandler(8, 'Undefined property: stdClass::$status_un_ipa', 'C:\\Users\\Riyan Risky\\My\\ci4\\tasdiq\\app\\Views\\admin\\pendaftar\\detail.php', 125, [...])
 2 SYSTEMPATH\View\View.php(213): include('C:\\Users\\Riyan Risky\\My\\ci4\\tasdiq\\app\\Views\\admin\\pendaftar\\detail.php')
 3 SYSTEMPATH\View\View.php(216): CodeIgniter\View\View->CodeIgniter\View\{closure}()
 4 SYSTEMPATH\Common.php(1184): CodeIgniter\View\View->render('admin/pendaftar/detail', [], true)
 5 APPPATH\Controllers\Admin\Pendaftar.php(44): view('admin/pendaftar/detail', [...])
 6 SYSTEMPATH\CodeIgniter.php(934): App\Controllers\Admin\Pendaftar->detail('1')
 7 SYSTEMPATH\CodeIgniter.php(499): CodeIgniter\CodeIgniter->runController(Object(App\Controllers\Admin\Pendaftar))
 8 SYSTEMPATH\CodeIgniter.php(368): CodeIgniter\CodeIgniter->handleRequest(null, Object(Config\Cache), false)
 9 FCPATH\index.php(68): CodeIgniter\CodeIgniter->run()
10 SYSTEMPATH\Commands\Server\rewrite.php(47): require_once('C:\\Users\\Riyan Risky\\My\\ci4\\tasdiq\\public\\index.php')
INFO - 2023-08-27 05:27:07 --> Session: Class initialized using 'CodeIgniter\Session\Handlers\FileHandler' driver.
CRITICAL - 2023-08-27 05:27:07 --> Undefined property: stdClass::$status_un_ipa
in APPPATH\Views\admin\pendaftar\detail.php on line 126.
 1 APPPATH\Views\admin\pendaftar\detail.php(126): CodeIgniter\Debug\Exceptions->errorHandler(8, 'Undefined property: stdClass::$status_un_ipa', 'C:\\Users\\Riyan Risky\\My\\ci4\\tasdiq\\app\\Views\\admin\\pendaftar\\detail.php', 126, [...])
 2 SYSTEMPATH\View\View.php(213): include('C:\\Users\\Riyan Risky\\My\\ci4\\tasdiq\\app\\Views\\admin\\pendaftar\\detail.php')
 3 SYSTEMPATH\View\View.php(216): CodeIgniter\View\View->CodeIgniter\View\{closure}()
 4 SYSTEMPATH\Common.php(1184): CodeIgniter\View\View->render('admin/pendaftar/detail', [], true)
 5 APPPATH\Controllers\Admin\Pendaftar.php(44): view('admin/pendaftar/detail', [...])
 6 SYSTEMPATH\CodeIgniter.php(934): App\Controllers\Admin\Pendaftar->detail('1')
 7 SYSTEMPATH\CodeIgniter.php(499): CodeIgniter\CodeIgniter->runController(Object(App\Controllers\Admin\Pendaftar))
 8 SYSTEMPATH\CodeIgniter.php(368): CodeIgniter\CodeIgniter->handleRequest(null, Object(Config\Cache), false)
 9 FCPATH\index.php(68): CodeIgniter\CodeIgniter->run()
10 SYSTEMPATH\Commands\Server\rewrite.php(47): require_once('C:\\Users\\Riyan Risky\\My\\ci4\\tasdiq\\public\\index.php')
INFO - 2023-08-27 05:27:16 --> Session: Class initialized using 'CodeIgniter\Session\Handlers\FileHandler' driver.
INFO - 2023-08-27 05:29:15 --> Session: Class initialized using 'CodeIgniter\Session\Handlers\FileHandler' driver.
CRITICAL - 2023-08-27 05:29:16 --> Object of class stdClass could not be converted to string
in APPPATH\Views\admin\pendaftar\detail.php on line 129.
 1 SYSTEMPATH\View\View.php(213): include()
 2 SYSTEMPATH\View\View.php(216): CodeIgniter\View\View->CodeIgniter\View\{closure}()
 3 SYSTEMPATH\Common.php(1184): CodeIgniter\View\View->render('admin/pendaftar/detail', [], true)
 4 APPPATH\Controllers\Admin\Pendaftar.php(44): view('admin/pendaftar/detail', [...])
 5 SYSTEMPATH\CodeIgniter.php(934): App\Controllers\Admin\Pendaftar->detail('1')
 6 SYSTEMPATH\CodeIgniter.php(499): CodeIgniter\CodeIgniter->runController(Object(App\Controllers\Admin\Pendaftar))
 7 SYSTEMPATH\CodeIgniter.php(368): CodeIgniter\CodeIgniter->handleRequest(null, Object(Config\Cache), false)
 8 FCPATH\index.php(68): CodeIgniter\CodeIgniter->run()
 9 SYSTEMPATH\Commands\Server\rewrite.php(47): require_once('C:\\Users\\Riyan Risky\\My\\ci4\\tasdiq\\public\\index.php')
INFO - 2023-08-27 05:29:28 --> Session: Class initialized using 'CodeIgniter\Session\Handlers\FileHandler' driver.
CRITICAL - 2023-08-27 05:29:28 --> Undefined variable: statnil
in APPPATH\Views\admin\pendaftar\detail.php on line 129.
 1 APPPATH\Views\admin\pendaftar\detail.php(129): CodeIgniter\Debug\Exceptions->errorHandler(8, 'Undefined variable: statnil', 'C:\\Users\\Riyan Risky\\My\\ci4\\tasdiq\\app\\Views\\admin\\pendaftar\\detail.php', 129, [...])
 2 SYSTEMPATH\View\View.php(213): include('C:\\Users\\Riyan Risky\\My\\ci4\\tasdiq\\app\\Views\\admin\\pendaftar\\detail.php')
 3 SYSTEMPATH\View\View.php(216): CodeIgniter\View\View->CodeIgniter\View\{closure}()
 4 SYSTEMPATH\Common.php(1184): CodeIgniter\View\View->render('admin/pendaftar/detail', [], true)
 5 APPPATH\Controllers\Admin\Pendaftar.php(44): view('admin/pendaftar/detail', [...])
 6 SYSTEMPATH\CodeIgniter.php(934): App\Controllers\Admin\Pendaftar->detail('1')
 7 SYSTEMPATH\CodeIgniter.php(499): CodeIgniter\CodeIgniter->runController(Object(App\Controllers\Admin\Pendaftar))
 8 SYSTEMPATH\CodeIgniter.php(368): CodeIgniter\CodeIgniter->handleRequest(null, Object(Config\Cache), false)
 9 FCPATH\index.php(68): CodeIgniter\CodeIgniter->run()
10 SYSTEMPATH\Commands\Server\rewrite.php(47): require_once('C:\\Users\\Riyan Risky\\My\\ci4\\tasdiq\\public\\index.php')
INFO - 2023-08-27 05:29:44 --> Session: Class initialized using 'CodeIgniter\Session\Handlers\FileHandler' driver.
CRITICAL - 2023-08-27 05:29:44 --> Undefined variable: statnil
in APPPATH\Views\admin\pendaftar\detail.php on line 129.
 1 APPPATH\Views\admin\pendaftar\detail.php(129): CodeIgniter\Debug\Exceptions->errorHandler(8, 'Undefined variable: statnil', 'C:\\Users\\Riyan Risky\\My\\ci4\\tasdiq\\app\\Views\\admin\\pendaftar\\detail.php', 129, [...])
 2 SYSTEMPATH\View\View.php(213): include('C:\\Users\\Riyan Risky\\My\\ci4\\tasdiq\\app\\Views\\admin\\pendaftar\\detail.php')
 3 SYSTEMPATH\View\View.php(216): CodeIgniter\View\View->CodeIgniter\View\{closure}()
 4 SYSTEMPATH\Common.php(1184): CodeIgniter\View\View->render('admin/pendaftar/detail', [], true)
 5 APPPATH\Controllers\Admin\Pendaftar.php(44): view('admin/pendaftar/detail', [...])
 6 SYSTEMPATH\CodeIgniter.php(934): App\Controllers\Admin\Pendaftar->detail('1')
 7 SYSTEMPATH\CodeIgniter.php(499): CodeIgniter\CodeIgniter->runController(Object(App\Controllers\Admin\Pendaftar))
 8 SYSTEMPATH\CodeIgniter.php(368): CodeIgniter\CodeIgniter->handleRequest(null, Object(Config\Cache), false)
 9 FCPATH\index.php(68): CodeIgniter\CodeIgniter->run()
10 SYSTEMPATH\Commands\Server\rewrite.php(47): require_once('C:\\Users\\Riyan Risky\\My\\ci4\\tasdiq\\public\\index.php')
INFO - 2023-08-27 05:29:52 --> Session: Class initialized using 'CodeIgniter\Session\Handlers\FileHandler' driver.
INFO - 2023-08-27 05:30:26 --> Session: Class initialized using 'CodeIgniter\Session\Handlers\FileHandler' driver.
INFO - 2023-08-27 05:30:31 --> Session: Class initialized using 'CodeIgniter\Session\Handlers\FileHandler' driver.
INFO - 2023-08-27 05:31:35 --> Session: Class initialized using 'CodeIgniter\Session\Handlers\FileHandler' driver.
INFO - 2023-08-27 05:31:38 --> Session: Class initialized using 'CodeIgniter\Session\Handlers\FileHandler' driver.
INFO - 2023-08-27 05:32:12 --> Session: Class initialized using 'CodeIgniter\Session\Handlers\FileHandler' driver.
INFO - 2023-08-27 05:33:05 --> Session: Class initialized using 'CodeIgniter\Session\Handlers\FileHandler' driver.
INFO - 2023-08-27 05:34:49 --> Session: Class initialized using 'CodeIgniter\Session\Handlers\FileHandler' driver.
INFO - 2023-08-27 05:35:21 --> Session: Class initialized using 'CodeIgniter\Session\Handlers\FileHandler' driver.
INFO - 2023-08-27 05:35:35 --> Session: Class initialized using 'CodeIgniter\Session\Handlers\FileHandler' driver.
INFO - 2023-08-27 05:36:05 --> Session: Class initialized using 'CodeIgniter\Session\Handlers\FileHandler' driver.
INFO - 2023-08-27 05:36:10 --> Session: Class initialized using 'CodeIgniter\Session\Handlers\FileHandler' driver.
CRITICAL - 2023-08-27 05:36:10 --> Undefined index: un_mat
in APPPATH\Helpers\ini_helper.php on line 12.
 1 APPPATH\Helpers\ini_helper.php(12): CodeIgniter\Debug\Exceptions->errorHandler(8, 'Undefined index: un_mat', 'C:\\Users\\Riyan Risky\\My\\ci4\\tasdiq\\app\\Helpers\\ini_helper.php', 12, [...])
 2 APPPATH\Controllers\Home.php(36): genNilai([...])
 3 SYSTEMPATH\CodeIgniter.php(934): App\Controllers\Home->dashboard()
 4 SYSTEMPATH\CodeIgniter.php(499): CodeIgniter\CodeIgniter->runController(Object(App\Controllers\Home))
 5 SYSTEMPATH\CodeIgniter.php(368): CodeIgniter\CodeIgniter->handleRequest(null, Object(Config\Cache), false)
 6 FCPATH\index.php(68): CodeIgniter\CodeIgniter->run()
 7 SYSTEMPATH\Commands\Server\rewrite.php(47): require_once('C:\\Users\\Riyan Risky\\My\\ci4\\tasdiq\\public\\index.php')
INFO - 2023-08-27 05:37:16 --> Session: Class initialized using 'CodeIgniter\Session\Handlers\FileHandler' driver.
INFO - 2023-08-27 05:37:19 --> Session: Class initialized using 'CodeIgniter\Session\Handlers\FileHandler' driver.
INFO - 2023-08-27 05:37:28 --> Session: Class initialized using 'CodeIgniter\Session\Handlers\FileHandler' driver.
CRITICAL - 2023-08-27 05:37:28 --> Undefined index: un_mat
in APPPATH\Helpers\ini_helper.php on line 12.
 1 APPPATH\Helpers\ini_helper.php(12): CodeIgniter\Debug\Exceptions->errorHandler(8, 'Undefined index: un_mat', 'C:\\Users\\Riyan Risky\\My\\ci4\\tasdiq\\app\\Helpers\\ini_helper.php', 12, [...])
 2 APPPATH\Controllers\Home.php(36): genNilai([...])
 3 SYSTEMPATH\CodeIgniter.php(934): App\Controllers\Home->dashboard()
 4 SYSTEMPATH\CodeIgniter.php(499): CodeIgniter\CodeIgniter->runController(Object(App\Controllers\Home))
 5 SYSTEMPATH\CodeIgniter.php(368): CodeIgniter\CodeIgniter->handleRequest(null, Object(Config\Cache), false)
 6 FCPATH\index.php(68): CodeIgniter\CodeIgniter->run()
 7 SYSTEMPATH\Commands\Server\rewrite.php(47): require_once('C:\\Users\\Riyan Risky\\My\\ci4\\tasdiq\\public\\index.php')
INFO - 2023-08-27 05:37:42 --> Session: Class initialized using 'CodeIgniter\Session\Handlers\FileHandler' driver.
INFO - 2023-08-27 05:38:00 --> Session: Class initialized using 'CodeIgniter\Session\Handlers\FileHandler' driver.
INFO - 2023-08-27 05:39:29 --> Session: Class initialized using 'CodeIgniter\Session\Handlers\FileHandler' driver.
INFO - 2023-08-27 05:39:31 --> Session: Class initialized using 'CodeIgniter\Session\Handlers\FileHandler' driver.
INFO - 2023-08-27 05:39:32 --> Session: Class initialized using 'CodeIgniter\Session\Handlers\FileHandler' driver.
INFO - 2023-08-27 05:39:36 --> Session: Class initialized using 'CodeIgniter\Session\Handlers\FileHandler' driver.
INFO - 2023-08-27 05:39:39 --> Session: Class initialized using 'CodeIgniter\Session\Handlers\FileHandler' driver.
INFO - 2023-08-27 05:39:39 --> Session: Class initialized using 'CodeIgniter\Session\Handlers\FileHandler' driver.
INFO - 2023-08-27 05:41:07 --> Session: Class initialized using 'CodeIgniter\Session\Handlers\FileHandler' driver.
INFO - 2023-08-27 05:41:22 --> Session: Class initialized using 'CodeIgniter\Session\Handlers\FileHandler' driver.
INFO - 2023-08-27 05:41:22 --> Session: Class initialized using 'CodeIgniter\Session\Handlers\FileHandler' driver.
INFO - 2023-08-27 05:41:26 --> Session: Class initialized using 'CodeIgniter\Session\Handlers\FileHandler' driver.
INFO - 2023-08-27 05:41:26 --> Session: Class initialized using 'CodeIgniter\Session\Handlers\FileHandler' driver.
INFO - 2023-08-27 05:41:40 --> Session: Class initialized using 'CodeIgniter\Session\Handlers\FileHandler' driver.
INFO - 2023-08-27 05:42:06 --> Session: Class initialized using 'CodeIgniter\Session\Handlers\FileHandler' driver.
INFO - 2023-08-27 05:44:26 --> Session: Class initialized using 'CodeIgniter\Session\Handlers\FileHandler' driver.
INFO - 2023-08-27 05:48:17 --> Session: Class initialized using 'CodeIgniter\Session\Handlers\FileHandler' driver.
INFO - 2023-08-27 05:48:29 --> Session: Class initialized using 'CodeIgniter\Session\Handlers\FileHandler' driver.
INFO - 2023-08-27 05:52:14 --> Session: Class initialized using 'CodeIgniter\Session\Handlers\FileHandler' driver.
INFO - 2023-08-27 05:53:07 --> Session: Class initialized using 'CodeIgniter\Session\Handlers\FileHandler' driver.
INFO - 2023-08-27 05:53:07 --> Session: Class initialized using 'CodeIgniter\Session\Handlers\FileHandler' driver.
INFO - 2023-08-27 05:53:09 --> Session: Class initialized using 'CodeIgniter\Session\Handlers\FileHandler' driver.
INFO - 2023-08-27 05:53:27 --> Session: Class initialized using 'CodeIgniter\Session\Handlers\FileHandler' driver.
INFO - 2023-08-27 05:53:41 --> Session: Class initialized using 'CodeIgniter\Session\Handlers\FileHandler' driver.
INFO - 2023-08-27 05:55:12 --> Session: Class initialized using 'CodeIgniter\Session\Handlers\FileHandler' driver.
INFO - 2023-08-27 05:57:51 --> Session: Class initialized using 'CodeIgniter\Session\Handlers\FileHandler' driver.
