CRITICAL - 2023-07-14 18:36:20 --> Class 'Locale' not found
in SYSTEMPATH\CodeIgniter.php on line 194.
 1 ROOTPATH\spark(83): CodeIgniter\CodeIgniter->initialize()
ERROR - 2023-07-14 16:37:50 --> Error connecting to the database: mysqli_sql_exception: Access denied for user ''@'localhost' (using password: NO) in C:\xampp\htdocs\tasdiqskripsi\system\Database\MySQLi\Connection.php:174
Stack trace:
#0 C:\xampp\htdocs\tasdiqskripsi\system\Database\MySQLi\Connection.php(174): mysqli->real_connect('localhost', '', '', '', 3306, '', 0)
#1 C:\xampp\htdocs\tasdiqskripsi\system\Database\BaseConnection.php(391): CodeIgniter\Database\MySQLi\Connection->connect(false)
#2 C:\xampp\htdocs\tasdiqskripsi\system\Database\BaseConnection.php(574): CodeIgniter\Database\BaseConnection->initialize()
#3 C:\xampp\htdocs\tasdiqskripsi\system\Database\BaseBuilder.php(1616): CodeIgniter\Database\BaseConnection->query('SELECT *\nFROM `...', Array, false)
#4 C:\xampp\htdocs\tasdiqskripsi\app\Models\AngkatanModel.php(38): CodeIgniter\Database\BaseBuilder->get()
#5 C:\xampp\htdocs\tasdiqskripsi\app\Controllers\BaseController.php(100): App\Models\AngkatanModel->isActive()
#6 C:\xampp\htdocs\tasdiqskripsi\system\CodeIgniter.php(907): App\Controllers\BaseController->initController(Object(CodeIgniter\HTTP\IncomingRequest), Object(CodeIgniter\HTTP\Response), Object(CodeIgniter\Log\Logger))
#7 C:\xampp\htdocs\tasdiqskripsi\system\CodeIgniter.php(490): CodeIgniter\CodeIgniter->createController()
#8 C:\xampp\htdocs\tasdiqskripsi\system\CodeIgniter.php(368): CodeIgniter\CodeIgniter->handleRequest(NULL, Object(Config\Cache), false)
#9 C:\xampp\htdocs\tasdiqskripsi\public\index.php(68): CodeIgniter\CodeIgniter->run()
#10 C:\xampp\htdocs\tasdiqskripsi\system\Commands\Server\rewrite.php(47): require_once('C:\\xampp\\htdocs...')
#11 {main}

Next CodeIgniter\Database\Exceptions\DatabaseException: Access denied for user ''@'localhost' (using password: NO) in C:\xampp\htdocs\tasdiqskripsi\system\Database\MySQLi\Connection.php:218
Stack trace:
#0 C:\xampp\htdocs\tasdiqskripsi\system\Database\BaseConnection.php(391): CodeIgniter\Database\MySQLi\Connection->connect(false)
#1 C:\xampp\htdocs\tasdiqskripsi\system\Database\BaseConnection.php(574): CodeIgniter\Database\BaseConnection->initialize()
#2 C:\xampp\htdocs\tasdiqskripsi\system\Database\BaseBuilder.php(1616): CodeIgniter\Database\BaseConnection->query('SELECT *\nFROM `...', Array, false)
#3 C:\xampp\htdocs\tasdiqskripsi\app\Models\AngkatanModel.php(38): CodeIgniter\Database\BaseBuilder->get()
#4 C:\xampp\htdocs\tasdiqskripsi\app\Controllers\BaseController.php(100): App\Models\AngkatanModel->isActive()
#5 C:\xampp\htdocs\tasdiqskripsi\system\CodeIgniter.php(907): App\Controllers\BaseController->initController(Object(CodeIgniter\HTTP\IncomingRequest), Object(CodeIgniter\HTTP\Response), Object(CodeIgniter\Log\Logger))
#6 C:\xampp\htdocs\tasdiqskripsi\system\CodeIgniter.php(490): CodeIgniter\CodeIgniter->createController()
#7 C:\xampp\htdocs\tasdiqskripsi\system\CodeIgniter.php(368): CodeIgniter\CodeIgniter->handleRequest(NULL, Object(Config\Cache), false)
#8 C:\xampp\htdocs\tasdiqskripsi\public\index.php(68): CodeIgniter\CodeIgniter->run()
#9 C:\xampp\htdocs\tasdiqskripsi\system\Commands\Server\rewrite.php(47): require_once('C:\\xampp\\htdocs...')
#10 {main}
CRITICAL - 2023-07-14 16:37:50 --> Unable to connect to the database.
Main connection [MySQLi]: Access denied for user ''@'localhost' (using password: NO)
in SYSTEMPATH\Database\BaseConnection.php on line 427.
 1 SYSTEMPATH\Database\BaseConnection.php(574): CodeIgniter\Database\BaseConnection->initialize()
 2 SYSTEMPATH\Database\BaseBuilder.php(1616): CodeIgniter\Database\BaseConnection->query('SELECT *
FROM `tbl_angkatan`
WHERE `status` = :status:
AND `isDelete` IS NULL
ORDER BY `tahun` DESC
 LIMIT 1', [...], false)
 3 APPPATH\Models\AngkatanModel.php(38): CodeIgniter\Database\BaseBuilder->get()
 4 APPPATH\Controllers\BaseController.php(100): App\Models\AngkatanModel->isActive()
 5 SYSTEMPATH\CodeIgniter.php(907): App\Controllers\BaseController->initController(Object(CodeIgniter\HTTP\IncomingRequest), Object(CodeIgniter\HTTP\Response), Object(CodeIgniter\Log\Logger))
 6 SYSTEMPATH\CodeIgniter.php(490): CodeIgniter\CodeIgniter->createController()
 7 SYSTEMPATH\CodeIgniter.php(368): CodeIgniter\CodeIgniter->handleRequest(null, Object(Config\Cache), false)
 8 FCPATH\index.php(68): CodeIgniter\CodeIgniter->run()
 9 SYSTEMPATH\Commands\Server\rewrite.php(47): require_once('C:\\xampp\\htdocs\\tasdiqskripsi\\public\\index.php')
